{"numFailedTestSuites":0,"numFailedTests":0,"numPassedTestSuites":6,"numPassedTests":17,"numPendingTestSuites":0,"numPendingTests":0,"numRuntimeErrorTestSuites":0,"numTodoTests":0,"numTotalTestSuites":6,"numTotalTests":17,"openHandles":[],"snapshot":{"added":0,"didUpdate":false,"failure":false,"filesAdded":0,"filesRemoved":0,"filesRemovedList":[],"filesUnmatched":0,"filesUpdated":0,"matched":0,"total":0,"unchecked":0,"uncheckedKeysByFile":[],"unmatched":0,"updated":0},"startTime":1773481576651,"success":true,"testResults":[{"assertionResults":[{"ancestorTitles":["Receipt Routes"],"duration":291,"failureDetails":[],"failureMessages":[],"fullName":"Receipt Routes emails receipt even when frontend pdfAttachment is missing","invocations":1,"location":null,"numPassingAsserts":3,"retryReasons":[],"status":"passed","title":"emails receipt even when frontend pdfAttachment is missing"}],"endTime":1773481579739,"message":"","name":"C:\\Users\\ADMIN\\Desktop\\ledgerly\\ledgerly-backend\\tests\\receipts.routes.test.js","startTime":1773481576696,"status":"passed","summary":""},{"assertionResults":[{"ancestorTitles":["Business Routes"],"duration":184,"failureDetails":[],"failureMessages":[],"fullName":"Business Routes accepts common image uploads for business logo and persists URL","invocations":1,"location":null,"numPassingAsserts":5,"retryReasons":[],"status":"passed","title":"accepts common image uploads for business logo and persists URL"},{"ancestorTitles":["Business Routes"],"duration":104,"failureDetails":[],"failureMessages":[],"fullName":"Business Routes rejects non-image files for logo upload","invocations":1,"location":null,"numPassingAsserts":4,"retryReasons":[],"status":"passed","title":"rejects non-image files for logo upload"}],"endTime":1773481581058,"message":"","name":"C:\\Users\\ADMIN\\Desktop\\ledgerly\\ledgerly-backend\\tests\\business.routes.test.js","startTime":1773481579825,"status":"passed","summary":""},{"assertionResults":[{"ancestorTitles":["Auth Routes"],"duration":183,"failureDetails":[],"failureMessages":[],"fullName":"Auth Routes registers a new user and writes user + business records","invocations":1,"location":null,"numPassingAsserts":6,"retryReasons":[],"status":"passed","title":"registers a new user and writes user + business records"},{"ancestorTitles":["Auth Routes"],"duration":48,"failureDetails":[],"failureMessages":[],"fullName":"Auth Routes rejects login with missing password","invocations":1,"location":null,"numPassingAsserts":3,"retryReasons":[],"status":"passed","title":"rejects login with missing password"},{"ancestorTitles":["Auth Routes"],"duration":156,"failureDetails":[],"failureMessages":[],"fullName":"Auth Routes logs in verified user and returns token + user payload","invocations":1,"location":null,"numPassingAsserts":4,"retryReasons":[],"status":"passed","title":"logs in verified user and returns token + user payload"},{"ancestorTitles":["Auth Routes"],"duration":97,"failureDetails":[],"failureMessages":[],"fullName":"Auth Routes returns current user profile for authenticated token","invocations":1,"location":null,"numPassingAsserts":4,"retryReasons":[],"status":"passed","title":"returns current user profile for authenticated token"}],"endTime":1773481582564,"message":"","name":"C:\\Users\\ADMIN\\Desktop\\ledgerly\\ledgerly-backend\\tests\\auth.routes.test.js","startTime":1773481581156,"status":"passed","summary":""},{"assertionResults":[{"ancestorTitles":["Invoice Routes"],"duration":341,"failureDetails":[],"failureMessages":[],"fullName":"Invoice Routes creates, reads, updates, sends, gets PDF, and deletes an invoice","invocations":1,"location":null,"numPassingAsserts":18,"retryReasons":[],"status":"passed","title":"creates, reads, updates, sends, gets PDF, and deletes an invoice"},{"ancestorTitles":["Invoice Routes"],"duration":160,"failureDetails":[],"failureMessages":[],"fullName":"Invoice Routes sends invoice email even when frontend pdfAttachment is missing","invocations":1,"location":null,"numPassingAsserts":4,"retryReasons":[],"status":"passed","title":"sends invoice email even when frontend pdfAttachment is missing"},{"ancestorTitles":["Invoice Routes"],"duration":114,"failureDetails":[],"failureMessages":[],"fullName":"Invoice Routes writes derived records when invoice is created (customer stats + user invoice count)","invocations":1,"location":null,"numPassingAsserts":4,"retryReasons":[],"status":"passed","title":"writes derived records when invoice is created (customer stats + user invoice count)"},{"ancestorTitles":["Invoice Routes"],"duration":88,"failureDetails":[],"failureMessages":[],"fullName":"Invoice Routes rejects invoice creation without authentication","invocations":1,"location":null,"numPassingAsserts":2,"retryReasons":[],"status":"passed","title":"rejects invoice creation without authentication"}],"endTime":1773481584494,"message":"","name":"C:\\Users\\ADMIN\\Desktop\\ledgerly\\ledgerly-backend\\tests\\invoices.routes.test.js","startTime":1773481582660,"status":"passed","summary":""},{"assertionResults":[{"ancestorTitles":["User Profile Routes"],"duration":170,"failureDetails":[],"failureMessages":[],"fullName":"User Profile Routes updates profile details and persists to database","invocations":1,"location":null,"numPassingAsserts":6,"retryReasons":[],"status":"passed","title":"updates profile details and persists to database"},{"ancestorTitles":["User Profile Routes"],"duration":13,"failureDetails":[],"failureMessages":[],"fullName":"User Profile Routes rejects profile update without auth token","invocations":1,"location":null,"numPassingAsserts":3,"retryReasons":[],"status":"passed","title":"rejects profile update without auth token"},{"ancestorTitles":["User Profile Routes"],"duration":113,"failureDetails":[],"failureMessages":[],"fullName":"User Profile Routes rejects empty profile update payload","invocations":1,"location":null,"numPassingAsserts":3,"retryReasons":[],"status":"passed","title":"rejects empty profile update payload"}],"endTime":1773481585760,"message":"","name":"C:\\Users\\ADMIN\\Desktop\\ledgerly\\ledgerly-backend\\tests\\profile.routes.test.js","startTime":1773481584588,"status":"passed","summary":""},{"assertionResults":[{"ancestorTitles":["Error Responses"],"duration":51,"failureDetails":[],"failureMessages":[],"fullName":"Error Responses returns 404 for unknown routes","invocations":1,"location":null,"numPassingAsserts":3,"retryReasons":[],"status":"passed","title":"returns 404 for unknown routes"},{"ancestorTitles":["Error Responses"],"duration":165,"failureDetails":[],"failureMessages":[],"fullName":"Error Responses returns 404 for invalid invoice id lookup","invocations":1,"location":null,"numPassingAsserts":3,"retryReasons":[],"status":"passed","title":"returns 404 for invalid invoice id lookup"},{"ancestorTitles":["Error Responses"],"duration":12,"failureDetails":[],"failureMessages":[],"fullName":"Error Responses returns 401 for protected route without auth header","invocations":1,"location":null,"numPassingAsserts":3,"retryReasons":[],"status":"passed","title":"returns 401 for protected route without auth header"}],"endTime":1773481587017,"message":"","name":"C:\\Users\\ADMIN\\Desktop\\ledgerly\\ledgerly-backend\\tests\\error.routes.test.js","startTime":1773481585876,"status":"passed","summary":""}],"wasInterrupted":false,"coverageMap":{"C:\\Users\\ADMIN\\Desktop\\ledgerly\\ledgerly-backend\\models\\Receipt.js":{"path":"C:\\Users\\ADMIN\\Desktop\\ledgerly\\ledgerly-backend\\models\\Receipt.js","statementMap":{"0":{"start":{"line":1,"column":17},"end":{"line":1,"column":36}},"1":{"start":{"line":3,"column":22},"end":{"line":102,"column":2}},"2":{"start":{"line":104,"column":0},"end":{"line":110,"column":3}},"3":{"start":{"line":105,"column":2},"end":{"line":108,"column":3}},"4":{"start":{"line":106,"column":21},"end":{"line":106,"column":77}},"5":{"start":{"line":107,"column":4},"end":{"line":107,"column":63}},"6":{"start":{"line":109,"column":2},"end":{"line":109,"column":9}},"7":{"start":{"line":112,"column":0},"end":{"line":112,"column":73}},"8":{"start":{"line":114,"column":0},"end":{"line":114,"column":58}}},"fnMap":{"0":{"name":"(anonymous_0)","decl":{"start":{"line":104,"column":26},"end":{"line":104,"column":27}},"loc":{"start":{"line":104,"column":47},"end":{"line":110,"column":1}},"line":104}},"branchMap":{"0":{"loc":{"start":{"line":105,"column":2},"end":{"line":108,"column":3}},"type":"if","locations":[{"start":{"line":105,"column":2},"end":{"line":108,"column":3}},{"start":{},"end":{}}],"line":105}},"s":{"0":6,"1":6,"2":6,"3":1,"4":0,"5":0,"6":1,"7":6,"8":6},"f":{"0":1},"b":{"0":[0,1]},"_coverageSchema":"1a1c01bbd47fc00a2c39e90264f33305004495a9","hash":"04f92268a2f8a0dac7d094c2212c172dc1d550e4"},"C:\\Users\\ADMIN\\Desktop\\ledgerly\\ledgerly-backend\\tests\\utils\\createTestApp.js":{"path":"C:\\Users\\ADMIN\\Desktop\\ledgerly\\ledgerly-backend\\tests\\utils\\createTestApp.js","statementMap":{"0":{"start":{"line":1,"column":16},"end":{"line":1,"column":34}},"1":{"start":{"line":3,"column":19},"end":{"line":3,"column":47}},"2":{"start":{"line":4,"column":23},"end":{"line":4,"column":55}},"3":{"start":{"line":5,"column":23},"end":{"line":5,"column":56}},"4":{"start":{"line":6,"column":22},"end":{"line":6,"column":54}},"5":{"start":{"line":7,"column":22},"end":{"line":7,"column":54}},"6":{"start":{"line":8,"column":21},"end":{"line":8,"column":54}},"7":{"start":{"line":10,"column":22},"end":{"line":39,"column":1}},"8":{"start":{"line":11,"column":14},"end":{"line":11,"column":23}},"9":{"start":{"line":13,"column":2},"end":{"line":13,"column":43}},"10":{"start":{"line":14,"column":2},"end":{"line":14,"column":65}},"11":{"start":{"line":16,"column":2},"end":{"line":16,"column":38}},"12":{"start":{"line":17,"column":2},"end":{"line":17,"column":46}},"13":{"start":{"line":18,"column":2},"end":{"line":18,"column":47}},"14":{"start":{"line":19,"column":2},"end":{"line":19,"column":45}},"15":{"start":{"line":20,"column":2},"end":{"line":20,"column":45}},"16":{"start":{"line":22,"column":2},"end":{"line":27,"column":5}},"17":{"start":{"line":23,"column":4},"end":{"line":26,"column":7}},"18":{"start":{"line":29,"column":2},"end":{"line":29,"column":24}},"19":{"start":{"line":31,"column":2},"end":{"line":36,"column":5}},"20":{"start":{"line":32,"column":4},"end":{"line":35,"column":7}},"21":{"start":{"line":38,"column":2},"end":{"line":38,"column":13}},"22":{"start":{"line":41,"column":0},"end":{"line":41,"column":31}}},"fnMap":{"0":{"name":"(anonymous_0)","decl":{"start":{"line":10,"column":22},"end":{"line":10,"column":23}},"loc":{"start":{"line":10,"column":28},"end":{"line":39,"column":1}},"line":10},"1":{"name":"(anonymous_1)","decl":{"start":{"line":22,"column":21},"end":{"line":22,"column":22}},"loc":{"start":{"line":22,"column":35},"end":{"line":27,"column":3}},"line":22},"2":{"name":"(anonymous_2)","decl":{"start":{"line":31,"column":15},"end":{"line":31,"column":16}},"loc":{"start":{"line":31,"column":29},"end":{"line":36,"column":3}},"line":31}},"branchMap":{},"s":{"0":6,"1":6,"2":6,"3":6,"4":6,"5":6,"6":6,"7":6,"8":6,"9":6,"10":6,"11":6,"12":6,"13":6,"14":6,"15":6,"16":6,"17":0,"18":6,"19":6,"20":1,"21":6,"22":6},"f":{"0":6,"1":0,"2":1},"b":{},"_coverageSchema":"1a1c01bbd47fc00a2c39e90264f33305004495a9","hash":"741191de21602c754512b1d927e6ed1719ea8edd"},"C:\\Users\\ADMIN\\Desktop\\ledgerly\\ledgerly-backend\\routes\\auth.js":{"path":"C:\\Users\\ADMIN\\Desktop\\ledgerly\\ledgerly-backend\\routes\\auth.js","statementMap":{"0":{"start":{"line":1,"column":16},"end":{"line":1,"column":34}},"1":{"start":{"line":2,"column":15},"end":{"line":2,"column":31}},"2":{"start":{"line":3,"column":20},"end":{"line":3,"column":56}},"3":{"start":{"line":16,"column":4},"end":{"line":16,"column":44}},"4":{"start":{"line":17,"column":20},"end":{"line":17,"column":49}},"5":{"start":{"line":19,"column":0},"end":{"line":19,"column":35}},"6":{"start":{"line":20,"column":0},"end":{"line":20,"column":29}},"7":{"start":{"line":21,"column":0},"end":{"line":21,"column":49}},"8":{"start":{"line":22,"column":0},"end":{"line":22,"column":49}},"9":{"start":{"line":23,"column":0},"end":{"line":23,"column":30}},"10":{"start":{"line":24,"column":0},"end":{"line":24,"column":34}},"11":{"start":{"line":25,"column":0},"end":{"line":25,"column":89}},"12":{"start":{"line":26,"column":0},"end":{"line":26,"column":55}},"13":{"start":{"line":27,"column":0},"end":{"line":27,"column":47}},"14":{"start":{"line":28,"column":0},"end":{"line":28,"column":56}},"15":{"start":{"line":29,"column":0},"end":{"line":29,"column":49}},"16":{"start":{"line":31,"column":0},"end":{"line":31,"column":24}}},"fnMap":{},"branchMap":{},"s":{"0":6,"1":6,"2":6,"3":6,"4":6,"5":6,"6":6,"7":6,"8":6,"9":6,"10":6,"11":6,"12":6,"13":6,"14":6,"15":6,"16":6},"f":{},"b":{},"_coverageSchema":"1a1c01bbd47fc00a2c39e90264f33305004495a9","hash":"afe19d4c0413acccc6567d1ebf54f78847dad2d9"},"C:\\Users\\ADMIN\\Desktop\\ledgerly\\ledgerly-backend\\middleware\\uploadImage.js":{"path":"C:\\Users\\ADMIN\\Desktop\\ledgerly\\ledgerly-backend\\middleware\\uploadImage.js","statementMap":{"0":{"start":{"line":1,"column":15},"end":{"line":1,"column":32}},"1":{"start":{"line":2,"column":13},"end":{"line":2,"column":28}},"2":{"start":{"line":3,"column":22},"end":{"line":3,"column":55}},"3":{"start":{"line":5,"column":16},"end":{"line":5,"column":38}},"4":{"start":{"line":7,"column":31},"end":{"line":16,"column":2}},"5":{"start":{"line":17,"column":30},"end":{"line":27,"column":2}},"6":{"start":{"line":28,"column":23},"end":{"line":39,"column":2}},"7":{"start":{"line":40,"column":22},"end":{"line":53,"column":2}},"8":{"start":{"line":55,"column":23},"end":{"line":62,"column":1}},"9":{"start":{"line":56,"column":20},"end":{"line":56,"column":71}},"10":{"start":{"line":57,"column":19},"end":{"line":57,"column":60}},"11":{"start":{"line":58,"column":21},"end":{"line":58,"column":71}},"12":{"start":{"line":59,"column":20},"end":{"line":59,"column":68}},"13":{"start":{"line":61,"column":2},"end":{"line":61,"column":62}},"14":{"start":{"line":64,"column":19},"end":{"line":91,"column":1}},"15":{"start":{"line":65,"column":2},"end":{"line":68,"column":3}},"16":{"start":{"line":66,"column":4},"end":{"line":66,"column":19}},"17":{"start":{"line":67,"column":4},"end":{"line":67,"column":11}},"18":{"start":{"line":70,"column":2},"end":{"line":73,"column":3}},"19":{"start":{"line":71,"column":4},"end":{"line":71,"column":19}},"20":{"start":{"line":72,"column":4},"end":{"line":72,"column":11}},"21":{"start":{"line":75,"column":2},"end":{"line":78,"column":3}},"22":{"start":{"line":76,"column":4},"end":{"line":76,"column":19}},"23":{"start":{"line":77,"column":4},"end":{"line":77,"column":11}},"24":{"start":{"line":80,"column":2},"end":{"line":83,"column":3}},"25":{"start":{"line":81,"column":4},"end":{"line":81,"column":101}},"26":{"start":{"line":82,"column":4},"end":{"line":82,"column":11}},"27":{"start":{"line":85,"column":2},"end":{"line":88,"column":3}},"28":{"start":{"line":86,"column":4},"end":{"line":86,"column":109}},"29":{"start":{"line":87,"column":4},"end":{"line":87,"column":11}},"30":{"start":{"line":90,"column":2},"end":{"line":90,"column":81}},"31":{"start":{"line":93,"column":20},"end":{"line":100,"column":2}},"32":{"start":{"line":102,"column":0},"end":{"line":102,"column":29}}},"fnMap":{"0":{"name":"(anonymous_0)","decl":{"start":{"line":55,"column":23},"end":{"line":55,"column":24}},"loc":{"start":{"line":55,"column":60},"end":{"line":62,"column":1}},"line":55},"1":{"name":"(anonymous_1)","decl":{"start":{"line":64,"column":19},"end":{"line":64,"column":20}},"loc":{"start":{"line":64,"column":38},"end":{"line":91,"column":1}},"line":64}},"branchMap":{"0":{"loc":{"start":{"line":55,"column":30},"end":{"line":55,"column":55}},"type":"default-arg","locations":[{"start":{"line":55,"column":53},"end":{"line":55,"column":55}}],"line":55},"1":{"loc":{"start":{"line":55,"column":32},"end":{"line":55,"column":48}},"type":"default-arg","locations":[{"start":{"line":55,"column":43},"end":{"line":55,"column":48}}],"line":55},"2":{"loc":{"start":{"line":56,"column":33},"end":{"line":56,"column":56}},"type":"binary-expr","locations":[{"start":{"line":56,"column":33},"end":{"line":56,"column":50}},{"start":{"line":56,"column":54},"end":{"line":56,"column":56}}],"line":56},"3":{"loc":{"start":{"line":57,"column":26},"end":{"line":57,"column":45}},"type":"binary-expr","locations":[{"start":{"line":57,"column":26},"end":{"line":57,"column":39}},{"start":{"line":57,"column":43},"end":{"line":57,"column":45}}],"line":57},"4":{"loc":{"start":{"line":58,"column":21},"end":{"line":58,"column":71}},"type":"cond-expr","locations":[{"start":{"line":58,"column":32},"end":{"line":58,"column":46}},{"start":{"line":58,"column":49},"end":{"line":58,"column":71}}],"line":58},"5":{"loc":{"start":{"line":59,"column":20},"end":{"line":59,"column":68}},"type":"cond-expr","locations":[{"start":{"line":59,"column":31},"end":{"line":59,"column":44}},{"start":{"line":59,"column":47},"end":{"line":59,"column":68}}],"line":59},"6":{"loc":{"start":{"line":61,"column":9},"end":{"line":61,"column":61}},"type":"binary-expr","locations":[{"start":{"line":61,"column":9},"end":{"line":61,"column":34}},{"start":{"line":61,"column":38},"end":{"line":61,"column":61}}],"line":61},"7":{"loc":{"start":{"line":65,"column":2},"end":{"line":68,"column":3}},"type":"if","locations":[{"start":{"line":65,"column":2},"end":{"line":68,"column":3}},{"start":{},"end":{}}],"line":65},"8":{"loc":{"start":{"line":65,"column":6},"end":{"line":65,"column":63}},"type":"binary-expr","locations":[{"start":{"line":65,"column":6},"end":{"line":65,"column":39}},{"start":{"line":65,"column":43},"end":{"line":65,"column":63}}],"line":65},"9":{"loc":{"start":{"line":70,"column":2},"end":{"line":73,"column":3}},"type":"if","locations":[{"start":{"line":70,"column":2},"end":{"line":73,"column":3}},{"start":{},"end":{}}],"line":70},"10":{"loc":{"start":{"line":70,"column":6},"end":{"line":70,"column":95}},"type":"binary-expr","locations":[{"start":{"line":70,"column":7},"end":{"line":70,"column":33}},{"start":{"line":70,"column":37},"end":{"line":70,"column":70}},{"start":{"line":70,"column":75},"end":{"line":70,"column":95}}],"line":70},"11":{"loc":{"start":{"line":75,"column":2},"end":{"line":78,"column":3}},"type":"if","locations":[{"start":{"line":75,"column":2},"end":{"line":78,"column":3}},{"start":{},"end":{}}],"line":75},"12":{"loc":{"start":{"line":75,"column":6},"end":{"line":75,"column":75}},"type":"binary-expr","locations":[{"start":{"line":75,"column":6},"end":{"line":75,"column":31}},{"start":{"line":75,"column":35},"end":{"line":75,"column":75}}],"line":75},"13":{"loc":{"start":{"line":80,"column":2},"end":{"line":83,"column":3}},"type":"if","locations":[{"start":{"line":80,"column":2},"end":{"line":83,"column":3}},{"start":{},"end":{}}],"line":80},"14":{"loc":{"start":{"line":85,"column":2},"end":{"line":88,"column":3}},"type":"if","locations":[{"start":{"line":85,"column":2},"end":{"line":88,"column":3}},{"start":{},"end":{}}],"line":85}},"s":{"0":6,"1":6,"2":6,"3":6,"4":6,"5":6,"6":6,"7":6,"8":6,"9":2,"10":2,"11":2,"12":2,"13":2,"14":6,"15":2,"16":0,"17":0,"18":2,"19":0,"20":0,"21":2,"22":1,"23":1,"24":1,"25":0,"26":0,"27":1,"28":1,"29":1,"30":0,"31":6,"32":6},"f":{"0":2,"1":2},"b":{"0":[0],"1":[0],"2":[2,0],"3":[2,0],"4":[2,0],"5":[2,0],"6":[2,1],"7":[0,2],"8":[2,0],"9":[0,2],"10":[2,2,0],"11":[1,1],"12":[2,2],"13":[0,1],"14":[1,0]},"_coverageSchema":"1a1c01bbd47fc00a2c39e90264f33305004495a9","hash":"b2683942566094b05114222b4b5035e9487ba013"},"C:\\Users\\ADMIN\\Desktop\\ledgerly\\ledgerly-backend\\utils\\errorResponse.js":{"path":"C:\\Users\\ADMIN\\Desktop\\ledgerly\\ledgerly-backend\\utils\\errorResponse.js","statementMap":{"0":{"start":{"line":3,"column":4},"end":{"line":3,"column":19}},"1":{"start":{"line":4,"column":4},"end":{"line":4,"column":33}},"2":{"start":{"line":8,"column":0},"end":{"line":8,"column":31}}},"fnMap":{"0":{"name":"(anonymous_0)","decl":{"start":{"line":2,"column":2},"end":{"line":2,"column":3}},"loc":{"start":{"line":2,"column":35},"end":{"line":5,"column":3}},"line":2}},"branchMap":{},"s":{"0":4,"1":4,"2":6},"f":{"0":4},"b":{},"_coverageSchema":"1a1c01bbd47fc00a2c39e90264f33305004495a9","hash":"1fe431451828fd076f41c44c65dcf4e73efd8e54"},"C:\\Users\\ADMIN\\Desktop\\ledgerly\\ledgerly-backend\\controllers\\authController.js":{"path":"C:\\Users\\ADMIN\\Desktop\\ledgerly\\ledgerly-backend\\controllers\\authController.js","statementMap":{"0":{"start":{"line":1,"column":13},"end":{"line":1,"column":38}},"1":{"start":{"line":2,"column":17},"end":{"line":2,"column":46}},"2":{"start":{"line":3,"column":21},"end":{"line":3,"column":54}},"3":{"start":{"line":4,"column":22},"end":{"line":4,"column":55}},"4":{"start":{"line":5,"column":21},"end":{"line":5,"column":53}},"5":{"start":{"line":6,"column":18},"end":{"line":6,"column":43}},"6":{"start":{"line":7,"column":15},"end":{"line":7,"column":32}},"7":{"start":{"line":8,"column":57},"end":{"line":8,"column":88}},"8":{"start":{"line":9,"column":34},"end":{"line":9,"column":69}},"9":{"start":{"line":10,"column":30},"end":{"line":10,"column":58}},"10":{"start":{"line":11,"column":28},"end":{"line":11,"column":58}},"11":{"start":{"line":18,"column":4},"end":{"line":18,"column":36}},"12":{"start":{"line":25,"column":4},"end":{"line":25,"column":43}},"13":{"start":{"line":27,"column":23},"end":{"line":27,"column":74}},"14":{"start":{"line":27,"column":34},"end":{"line":27,"column":74}},"15":{"start":{"line":28,"column":25},"end":{"line":31,"column":1}},"16":{"start":{"line":29,"column":17},"end":{"line":29,"column":57}},"17":{"start":{"line":30,"column":2},"end":{"line":30,"column":67}},"18":{"start":{"line":32,"column":28},"end":{"line":32,"column":84}},"19":{"start":{"line":33,"column":28},"end":{"line":33,"column":84}},"20":{"start":{"line":34,"column":31},"end":{"line":34,"column":90}},"21":{"start":{"line":35,"column":34},"end":{"line":35,"column":96}},"22":{"start":{"line":37,"column":23},"end":{"line":52,"column":1}},"23":{"start":{"line":38,"column":18},"end":{"line":38,"column":39}},"24":{"start":{"line":40,"column":2},"end":{"line":40,"column":26}},"25":{"start":{"line":42,"column":25},"end":{"line":46,"column":4}},"26":{"start":{"line":43,"column":4},"end":{"line":45,"column":18}},"27":{"start":{"line":44,"column":6},"end":{"line":44,"column":40}},"28":{"start":{"line":47,"column":2},"end":{"line":51,"column":3}},"29":{"start":{"line":48,"column":4},"end":{"line":48,"column":57}},"30":{"start":{"line":50,"column":4},"end":{"line":50,"column":28}},"31":{"start":{"line":54,"column":21},"end":{"line":58,"column":1}},"32":{"start":{"line":55,"column":15},"end":{"line":55,"column":78}},"33":{"start":{"line":56,"column":2},"end":{"line":56,"column":57}},"34":{"start":{"line":57,"column":2},"end":{"line":57,"column":14}},"35":{"start":{"line":60,"column":16},"end":{"line":64,"column":18}},"36":{"start":{"line":61,"column":2},"end":{"line":64,"column":18}},"37":{"start":{"line":66,"column":36},"end":{"line":74,"column":1}},"38":{"start":{"line":67,"column":14},"end":{"line":67,"column":49}},"39":{"start":{"line":68,"column":2},"end":{"line":72,"column":4}},"40":{"start":{"line":73,"column":2},"end":{"line":73,"column":13}},"41":{"start":{"line":76,"column":33},"end":{"line":87,"column":1}},"42":{"start":{"line":77,"column":19},"end":{"line":81,"column":4}},"43":{"start":{"line":82,"column":2},"end":{"line":86,"column":4}},"44":{"start":{"line":89,"column":41},"end":{"line":92,"column":1}},"45":{"start":{"line":90,"column":14},"end":{"line":90,"column":53}},"46":{"start":{"line":91,"column":2},"end":{"line":91,"column":48}},"47":{"start":{"line":94,"column":34},"end":{"line":106,"column":1}},"48":{"start":{"line":95,"column":14},"end":{"line":95,"column":53}},"49":{"start":{"line":96,"column":2},"end":{"line":105,"column":5}},"50":{"start":{"line":97,"column":4},"end":{"line":104,"column":5}},"51":{"start":{"line":98,"column":6},"end":{"line":98,"column":52}},"52":{"start":{"line":100,"column":6},"end":{"line":103,"column":8}},"53":{"start":{"line":108,"column":46},"end":{"line":153,"column":1}},"54":{"start":{"line":109,"column":30},"end":{"line":109,"column":60}},"55":{"start":{"line":110,"column":2},"end":{"line":110,"column":40}},"56":{"start":{"line":110,"column":28},"end":{"line":110,"column":40}},"57":{"start":{"line":112,"column":24},"end":{"line":116,"column":11}},"58":{"start":{"line":118,"column":2},"end":{"line":120,"column":3}},"59":{"start":{"line":119,"column":4},"end":{"line":119,"column":81}},"60":{"start":{"line":122,"column":23},"end":{"line":126,"column":3}},"61":{"start":{"line":127,"column":22},"end":{"line":127,"column":46}},"62":{"start":{"line":128,"column":17},"end":{"line":128,"column":71}},"63":{"start":{"line":130,"column":2},"end":{"line":132,"column":3}},"64":{"start":{"line":131,"column":4},"end":{"line":131,"column":87}},"65":{"start":{"line":134,"column":19},"end":{"line":134,"column":46}},"66":{"start":{"line":135,"column":22},"end":{"line":135,"column":71}},"67":{"start":{"line":136,"column":2},"end":{"line":138,"column":3}},"68":{"start":{"line":137,"column":4},"end":{"line":137,"column":83}},"69":{"start":{"line":140,"column":20},"end":{"line":140,"column":89}},"70":{"start":{"line":141,"column":34},"end":{"line":141,"column":63}},"71":{"start":{"line":142,"column":2},"end":{"line":144,"column":3}},"72":{"start":{"line":143,"column":4},"end":{"line":143,"column":82}},"73":{"start":{"line":146,"column":2},"end":{"line":152,"column":4}},"74":{"start":{"line":158,"column":0},"end":{"line":374,"column":3}},"75":{"start":{"line":169,"column":6},"end":{"line":169,"column":14}},"76":{"start":{"line":170,"column":26},"end":{"line":170,"column":47}},"77":{"start":{"line":173,"column":21},"end":{"line":173,"column":67}},"78":{"start":{"line":174,"column":2},"end":{"line":265,"column":3}},"79":{"start":{"line":175,"column":30},"end":{"line":175,"column":34}},"80":{"start":{"line":176,"column":4},"end":{"line":222,"column":5}},"81":{"start":{"line":177,"column":34},"end":{"line":177,"column":65}},"82":{"start":{"line":178,"column":28},"end":{"line":182,"column":15}},"83":{"start":{"line":184,"column":6},"end":{"line":221,"column":7}},"84":{"start":{"line":185,"column":8},"end":{"line":189,"column":10}},"85":{"start":{"line":190,"column":33},"end":{"line":190,"column":77}},"86":{"start":{"line":191,"column":8},"end":{"line":193,"column":9}},"87":{"start":{"line":192,"column":10},"end":{"line":192,"column":92}},"88":{"start":{"line":194,"column":8},"end":{"line":200,"column":11}},"89":{"start":{"line":201,"column":8},"end":{"line":201,"column":47}},"90":{"start":{"line":203,"column":8},"end":{"line":206,"column":11}},"91":{"start":{"line":207,"column":33},"end":{"line":207,"column":77}},"92":{"start":{"line":208,"column":8},"end":{"line":210,"column":9}},"93":{"start":{"line":209,"column":10},"end":{"line":209,"column":92}},"94":{"start":{"line":211,"column":8},"end":{"line":219,"column":11}},"95":{"start":{"line":220,"column":8},"end":{"line":220,"column":47}},"96":{"start":{"line":224,"column":4},"end":{"line":234,"column":5}},"97":{"start":{"line":225,"column":6},"end":{"line":232,"column":7}},"98":{"start":{"line":226,"column":8},"end":{"line":231,"column":10}},"99":{"start":{"line":233,"column":6},"end":{"line":233,"column":65}},"100":{"start":{"line":236,"column":18},"end":{"line":236,"column":22}},"101":{"start":{"line":237,"column":26},"end":{"line":237,"column":28}},"102":{"start":{"line":238,"column":4},"end":{"line":244,"column":5}},"103":{"start":{"line":239,"column":6},"end":{"line":239,"column":66}},"104":{"start":{"line":241,"column":6},"end":{"line":241,"column":22}},"105":{"start":{"line":242,"column":6},"end":{"line":242,"column":81}},"106":{"start":{"line":243,"column":6},"end":{"line":243,"column":103}},"107":{"start":{"line":246,"column":4},"end":{"line":264,"column":7}},"108":{"start":{"line":267,"column":34},"end":{"line":270,"column":4}},"109":{"start":{"line":273,"column":27},"end":{"line":273,"column":94}},"110":{"start":{"line":274,"column":26},"end":{"line":274,"column":54}},"111":{"start":{"line":275,"column":26},"end":{"line":281,"column":3}},"112":{"start":{"line":283,"column":2},"end":{"line":287,"column":3}},"113":{"start":{"line":284,"column":4},"end":{"line":286,"column":6}},"114":{"start":{"line":289,"column":19},"end":{"line":289,"column":57}},"115":{"start":{"line":292,"column":15},"end":{"line":300,"column":4}},"116":{"start":{"line":303,"column":2},"end":{"line":303,"column":28}},"117":{"start":{"line":304,"column":2},"end":{"line":304,"column":24}},"118":{"start":{"line":306,"column":2},"end":{"line":336,"column":3}},"119":{"start":{"line":307,"column":4},"end":{"line":324,"column":5}},"120":{"start":{"line":308,"column":6},"end":{"line":320,"column":8}},"121":{"start":{"line":322,"column":6},"end":{"line":322,"column":124}},"122":{"start":{"line":323,"column":6},"end":{"line":323,"column":110}},"123":{"start":{"line":327,"column":4},"end":{"line":335,"column":5}},"124":{"start":{"line":328,"column":6},"end":{"line":332,"column":8}},"125":{"start":{"line":334,"column":6},"end":{"line":334,"column":98}},"126":{"start":{"line":338,"column":2},"end":{"line":338,"column":35}},"127":{"start":{"line":340,"column":16},"end":{"line":340,"column":20}},"128":{"start":{"line":341,"column":24},"end":{"line":341,"column":26}},"129":{"start":{"line":343,"column":2},"end":{"line":349,"column":3}},"130":{"start":{"line":344,"column":4},"end":{"line":344,"column":58}},"131":{"start":{"line":346,"column":4},"end":{"line":346,"column":20}},"132":{"start":{"line":347,"column":4},"end":{"line":347,"column":79}},"133":{"start":{"line":348,"column":4},"end":{"line":348,"column":72}},"134":{"start":{"line":351,"column":32},"end":{"line":353,"column":24}},"135":{"start":{"line":355,"column":2},"end":{"line":373,"column":5}},"136":{"start":{"line":379,"column":0},"end":{"line":417,"column":3}},"137":{"start":{"line":380,"column":30},"end":{"line":380,"column":38}},"138":{"start":{"line":381,"column":26},"end":{"line":381,"column":47}},"139":{"start":{"line":384,"column":2},"end":{"line":386,"column":3}},"140":{"start":{"line":385,"column":4},"end":{"line":385,"column":80}},"141":{"start":{"line":389,"column":15},"end":{"line":389,"column":81}},"142":{"start":{"line":391,"column":2},"end":{"line":393,"column":3}},"143":{"start":{"line":392,"column":4},"end":{"line":392,"column":63}},"144":{"start":{"line":396,"column":2},"end":{"line":398,"column":3}},"145":{"start":{"line":397,"column":4},"end":{"line":397,"column":66}},"146":{"start":{"line":400,"column":2},"end":{"line":402,"column":3}},"147":{"start":{"line":401,"column":4},"end":{"line":401,"column":100}},"148":{"start":{"line":405,"column":18},"end":{"line":405,"column":52}},"149":{"start":{"line":407,"column":2},"end":{"line":409,"column":3}},"150":{"start":{"line":408,"column":4},"end":{"line":408,"column":63}},"151":{"start":{"line":412,"column":2},"end":{"line":414,"column":5}},"152":{"start":{"line":413,"column":4},"end":{"line":413,"column":84}},"153":{"start":{"line":416,"column":2},"end":{"line":416,"column":36}},"154":{"start":{"line":422,"column":0},"end":{"line":470,"column":3}},"155":{"start":{"line":423,"column":26},"end":{"line":423,"column":56}},"156":{"start":{"line":424,"column":14},"end":{"line":424,"column":47}},"157":{"start":{"line":426,"column":2},"end":{"line":428,"column":3}},"158":{"start":{"line":427,"column":4},"end":{"line":427,"column":70}},"159":{"start":{"line":430,"column":15},"end":{"line":432,"column":3}},"160":{"start":{"line":434,"column":2},"end":{"line":436,"column":3}},"161":{"start":{"line":435,"column":4},"end":{"line":435,"column":76}},"162":{"start":{"line":438,"column":2},"end":{"line":443,"column":3}},"163":{"start":{"line":439,"column":4},"end":{"line":442,"column":7}},"164":{"start":{"line":445,"column":2},"end":{"line":447,"column":3}},"165":{"start":{"line":446,"column":4},"end":{"line":446,"column":97}},"166":{"start":{"line":449,"column":2},"end":{"line":454,"column":3}},"167":{"start":{"line":450,"column":4},"end":{"line":450,"column":42}},"168":{"start":{"line":451,"column":4},"end":{"line":451,"column":48}},"169":{"start":{"line":452,"column":4},"end":{"line":452,"column":51}},"170":{"start":{"line":453,"column":4},"end":{"line":453,"column":96}},"171":{"start":{"line":456,"column":2},"end":{"line":458,"column":3}},"172":{"start":{"line":457,"column":4},"end":{"line":457,"column":69}},"173":{"start":{"line":460,"column":2},"end":{"line":460,"column":28}},"174":{"start":{"line":461,"column":2},"end":{"line":461,"column":37}},"175":{"start":{"line":462,"column":2},"end":{"line":462,"column":40}},"176":{"start":{"line":463,"column":2},"end":{"line":463,"column":46}},"177":{"start":{"line":464,"column":2},"end":{"line":464,"column":49}},"178":{"start":{"line":466,"column":2},"end":{"line":469,"column":5}},"179":{"start":{"line":475,"column":0},"end":{"line":517,"column":3}},"180":{"start":{"line":476,"column":26},"end":{"line":476,"column":56}},"181":{"start":{"line":478,"column":2},"end":{"line":480,"column":3}},"182":{"start":{"line":479,"column":4},"end":{"line":479,"column":61}},"183":{"start":{"line":482,"column":15},"end":{"line":482,"column":61}},"184":{"start":{"line":484,"column":2},"end":{"line":486,"column":3}},"185":{"start":{"line":485,"column":4},"end":{"line":485,"column":76}},"186":{"start":{"line":488,"column":2},"end":{"line":493,"column":3}},"187":{"start":{"line":489,"column":4},"end":{"line":492,"column":7}},"188":{"start":{"line":495,"column":16},"end":{"line":495,"column":20}},"189":{"start":{"line":496,"column":24},"end":{"line":496,"column":26}},"190":{"start":{"line":497,"column":2},"end":{"line":503,"column":3}},"191":{"start":{"line":498,"column":4},"end":{"line":498,"column":49}},"192":{"start":{"line":500,"column":4},"end":{"line":500,"column":20}},"193":{"start":{"line":501,"column":4},"end":{"line":501,"column":78}},"194":{"start":{"line":502,"column":4},"end":{"line":502,"column":73}},"195":{"start":{"line":505,"column":2},"end":{"line":516,"column":5}},"196":{"start":{"line":522,"column":0},"end":{"line":532,"column":3}},"197":{"start":{"line":523,"column":2},"end":{"line":526,"column":5}},"198":{"start":{"line":528,"column":2},"end":{"line":531,"column":5}},"199":{"start":{"line":537,"column":0},"end":{"line":549,"column":3}},"200":{"start":{"line":538,"column":23},"end":{"line":538,"column":58}},"201":{"start":{"line":539,"column":2},"end":{"line":539,"column":49}},"202":{"start":{"line":540,"column":2},"end":{"line":540,"column":43}},"203":{"start":{"line":542,"column":15},"end":{"line":543,"column":80}},"204":{"start":{"line":545,"column":2},"end":{"line":548,"column":5}},"205":{"start":{"line":554,"column":0},"end":{"line":619,"column":3}},"206":{"start":{"line":555,"column":15},"end":{"line":555,"column":47}},"207":{"start":{"line":556,"column":2},"end":{"line":558,"column":3}},"208":{"start":{"line":557,"column":4},"end":{"line":557,"column":58}},"209":{"start":{"line":560,"column":24},"end":{"line":560,"column":33}},"210":{"start":{"line":562,"column":2},"end":{"line":565,"column":3}},"211":{"start":{"line":563,"column":4},"end":{"line":563,"column":30}},"212":{"start":{"line":564,"column":4},"end":{"line":564,"column":30}},"213":{"start":{"line":566,"column":2},"end":{"line":569,"column":3}},"214":{"start":{"line":567,"column":4},"end":{"line":567,"column":48}},"215":{"start":{"line":568,"column":4},"end":{"line":568,"column":31}},"216":{"start":{"line":570,"column":2},"end":{"line":573,"column":3}},"217":{"start":{"line":571,"column":4},"end":{"line":571,"column":32}},"218":{"start":{"line":572,"column":4},"end":{"line":572,"column":31}},"219":{"start":{"line":575,"column":29},"end":{"line":575,"column":31}},"220":{"start":{"line":576,"column":37},"end":{"line":576,"column":39}},"221":{"start":{"line":577,"column":29},"end":{"line":577,"column":33}},"222":{"start":{"line":579,"column":2},"end":{"line":589,"column":3}},"223":{"start":{"line":580,"column":4},"end":{"line":580,"column":51}},"224":{"start":{"line":581,"column":4},"end":{"line":581,"column":67}},"225":{"start":{"line":582,"column":4},"end":{"line":585,"column":7}},"226":{"start":{"line":586,"column":4},"end":{"line":586,"column":72}},"227":{"start":{"line":587,"column":4},"end":{"line":587,"column":69}},"228":{"start":{"line":588,"column":4},"end":{"line":588,"column":38}},"229":{"start":{"line":591,"column":2},"end":{"line":593,"column":3}},"230":{"start":{"line":592,"column":4},"end":{"line":592,"column":63}},"231":{"start":{"line":595,"column":2},"end":{"line":605,"column":3}},"232":{"start":{"line":596,"column":4},"end":{"line":596,"column":22}},"233":{"start":{"line":598,"column":4},"end":{"line":603,"column":5}},"234":{"start":{"line":599,"column":6},"end":{"line":602,"column":9}},"235":{"start":{"line":604,"column":4},"end":{"line":604,"column":16}},"236":{"start":{"line":607,"column":2},"end":{"line":613,"column":3}},"237":{"start":{"line":608,"column":4},"end":{"line":612,"column":7}},"238":{"start":{"line":615,"column":2},"end":{"line":618,"column":5}},"239":{"start":{"line":624,"column":0},"end":{"line":636,"column":3}},"240":{"start":{"line":625,"column":15},"end":{"line":625,"column":67}},"241":{"start":{"line":628,"column":2},"end":{"line":630,"column":3}},"242":{"start":{"line":629,"column":4},"end":{"line":629,"column":65}},"243":{"start":{"line":632,"column":2},"end":{"line":632,"column":39}},"244":{"start":{"line":633,"column":2},"end":{"line":633,"column":20}},"245":{"start":{"line":635,"column":2},"end":{"line":635,"column":36}},"246":{"start":{"line":641,"column":0},"end":{"line":676,"column":3}},"247":{"start":{"line":642,"column":15},"end":{"line":642,"column":76}},"248":{"start":{"line":644,"column":2},"end":{"line":646,"column":3}},"249":{"start":{"line":645,"column":4},"end":{"line":645,"column":76}},"250":{"start":{"line":649,"column":21},"end":{"line":649,"column":49}},"251":{"start":{"line":650,"column":2},"end":{"line":650,"column":20}},"252":{"start":{"line":653,"column":18},"end":{"line":653,"column":113}},"253":{"start":{"line":654,"column":19},"end":{"line":654,"column":60}},"254":{"start":{"line":656,"column":2},"end":{"line":675,"column":3}},"255":{"start":{"line":657,"column":4},"end":{"line":661,"column":7}},"256":{"start":{"line":663,"column":4},"end":{"line":666,"column":7}},"257":{"start":{"line":668,"column":4},"end":{"line":668,"column":23}},"258":{"start":{"line":670,"column":4},"end":{"line":670,"column":40}},"259":{"start":{"line":671,"column":4},"end":{"line":671,"column":41}},"260":{"start":{"line":672,"column":4},"end":{"line":672,"column":22}},"261":{"start":{"line":674,"column":4},"end":{"line":674,"column":67}},"262":{"start":{"line":681,"column":0},"end":{"line":704,"column":3}},"263":{"start":{"line":683,"column":29},"end":{"line":686,"column":18}},"264":{"start":{"line":688,"column":15},"end":{"line":691,"column":4}},"265":{"start":{"line":693,"column":2},"end":{"line":695,"column":3}},"266":{"start":{"line":694,"column":4},"end":{"line":694,"column":57}},"267":{"start":{"line":698,"column":2},"end":{"line":698,"column":36}},"268":{"start":{"line":699,"column":2},"end":{"line":699,"column":38}},"269":{"start":{"line":700,"column":2},"end":{"line":700,"column":39}},"270":{"start":{"line":701,"column":2},"end":{"line":701,"column":20}},"271":{"start":{"line":703,"column":2},"end":{"line":703,"column":36}},"272":{"start":{"line":709,"column":0},"end":{"line":731,"column":3}},"273":{"start":{"line":710,"column":28},"end":{"line":713,"column":18}},"274":{"start":{"line":715,"column":15},"end":{"line":715,"column":56}},"275":{"start":{"line":717,"column":2},"end":{"line":719,"column":3}},"276":{"start":{"line":718,"column":4},"end":{"line":718,"column":70}},"277":{"start":{"line":721,"column":2},"end":{"line":721,"column":28}},"278":{"start":{"line":722,"column":2},"end":{"line":722,"column":37}},"279":{"start":{"line":723,"column":2},"end":{"line":723,"column":40}},"280":{"start":{"line":724,"column":2},"end":{"line":724,"column":46}},"281":{"start":{"line":725,"column":2},"end":{"line":725,"column":20}},"282":{"start":{"line":727,"column":2},"end":{"line":730,"column":5}},"283":{"start":{"line":734,"column":26},"end":{"line":770,"column":1}},"284":{"start":{"line":736,"column":16},"end":{"line":736,"column":40}},"285":{"start":{"line":738,"column":18},"end":{"line":743,"column":3}},"286":{"start":{"line":745,"column":2},"end":{"line":747,"column":3}},"287":{"start":{"line":746,"column":4},"end":{"line":746,"column":26}},"288":{"start":{"line":749,"column":23},"end":{"line":749,"column":87}},"289":{"start":{"line":751,"column":2},"end":{"line":769,"column":7}}},"fnMap":{"0":{"name":"(anonymous_0)","decl":{"start":{"line":27,"column":23},"end":{"line":27,"column":24}},"loc":{"start":{"line":27,"column":34},"end":{"line":27,"column":74}},"line":27},"1":{"name":"(anonymous_1)","decl":{"start":{"line":28,"column":25},"end":{"line":28,"column":26}},"loc":{"start":{"line":28,"column":46},"end":{"line":31,"column":1}},"line":28},"2":{"name":"(anonymous_2)","decl":{"start":{"line":37,"column":23},"end":{"line":37,"column":24}},"loc":{"start":{"line":37,"column":66},"end":{"line":52,"column":1}},"line":37},"3":{"name":"(anonymous_3)","decl":{"start":{"line":40,"column":16},"end":{"line":40,"column":17}},"loc":{"start":{"line":40,"column":22},"end":{"line":40,"column":24}},"line":40},"4":{"name":"(anonymous_4)","decl":{"start":{"line":42,"column":37},"end":{"line":42,"column":38}},"loc":{"start":{"line":42,"column":52},"end":{"line":46,"column":3}},"line":42},"5":{"name":"(anonymous_5)","decl":{"start":{"line":43,"column":27},"end":{"line":43,"column":28}},"loc":{"start":{"line":43,"column":33},"end":{"line":45,"column":5}},"line":43},"6":{"name":"(anonymous_6)","decl":{"start":{"line":54,"column":21},"end":{"line":54,"column":22}},"loc":{"start":{"line":54,"column":39},"end":{"line":58,"column":1}},"line":54},"7":{"name":"(anonymous_7)","decl":{"start":{"line":60,"column":16},"end":{"line":60,"column":17}},"loc":{"start":{"line":61,"column":2},"end":{"line":64,"column":18}},"line":61},"8":{"name":"(anonymous_8)","decl":{"start":{"line":66,"column":36},"end":{"line":66,"column":37}},"loc":{"start":{"line":66,"column":52},"end":{"line":74,"column":1}},"line":66},"9":{"name":"(anonymous_9)","decl":{"start":{"line":76,"column":33},"end":{"line":76,"column":34}},"loc":{"start":{"line":76,"column":58},"end":{"line":87,"column":1}},"line":76},"10":{"name":"(anonymous_10)","decl":{"start":{"line":89,"column":41},"end":{"line":89,"column":42}},"loc":{"start":{"line":89,"column":57},"end":{"line":92,"column":1}},"line":89},"11":{"name":"(anonymous_11)","decl":{"start":{"line":94,"column":34},"end":{"line":94,"column":35}},"loc":{"start":{"line":94,"column":81},"end":{"line":106,"column":1}},"line":94},"12":{"name":"(anonymous_12)","decl":{"start":{"line":96,"column":15},"end":{"line":96,"column":16}},"loc":{"start":{"line":96,"column":27},"end":{"line":105,"column":3}},"line":96},"13":{"name":"(anonymous_13)","decl":{"start":{"line":108,"column":46},"end":{"line":108,"column":47}},"loc":{"start":{"line":108,"column":86},"end":{"line":153,"column":1}},"line":108},"14":{"name":"(anonymous_14)","decl":{"start":{"line":158,"column":32},"end":{"line":158,"column":33}},"loc":{"start":{"line":158,"column":58},"end":{"line":374,"column":1}},"line":158},"15":{"name":"(anonymous_15)","decl":{"start":{"line":379,"column":29},"end":{"line":379,"column":30}},"loc":{"start":{"line":379,"column":55},"end":{"line":417,"column":1}},"line":379},"16":{"name":"(anonymous_16)","decl":{"start":{"line":412,"column":78},"end":{"line":412,"column":79}},"loc":{"start":{"line":412,"column":89},"end":{"line":414,"column":3}},"line":412},"17":{"name":"(anonymous_17)","decl":{"start":{"line":422,"column":38},"end":{"line":422,"column":39}},"loc":{"start":{"line":422,"column":64},"end":{"line":470,"column":1}},"line":422},"18":{"name":"(anonymous_18)","decl":{"start":{"line":475,"column":38},"end":{"line":475,"column":39}},"loc":{"start":{"line":475,"column":64},"end":{"line":517,"column":1}},"line":475},"19":{"name":"(anonymous_19)","decl":{"start":{"line":522,"column":30},"end":{"line":522,"column":31}},"loc":{"start":{"line":522,"column":56},"end":{"line":532,"column":1}},"line":522},"20":{"name":"(anonymous_20)","decl":{"start":{"line":537,"column":29},"end":{"line":537,"column":30}},"loc":{"start":{"line":537,"column":55},"end":{"line":549,"column":1}},"line":537},"21":{"name":"(anonymous_21)","decl":{"start":{"line":554,"column":37},"end":{"line":554,"column":38}},"loc":{"start":{"line":554,"column":63},"end":{"line":619,"column":1}},"line":554},"22":{"name":"(anonymous_22)","decl":{"start":{"line":624,"column":38},"end":{"line":624,"column":39}},"loc":{"start":{"line":624,"column":64},"end":{"line":636,"column":1}},"line":624},"23":{"name":"(anonymous_23)","decl":{"start":{"line":641,"column":38},"end":{"line":641,"column":39}},"loc":{"start":{"line":641,"column":64},"end":{"line":676,"column":1}},"line":641},"24":{"name":"(anonymous_24)","decl":{"start":{"line":681,"column":37},"end":{"line":681,"column":38}},"loc":{"start":{"line":681,"column":63},"end":{"line":704,"column":1}},"line":681},"25":{"name":"(anonymous_25)","decl":{"start":{"line":709,"column":36},"end":{"line":709,"column":37}},"loc":{"start":{"line":709,"column":62},"end":{"line":731,"column":1}},"line":709},"26":{"name":"(anonymous_26)","decl":{"start":{"line":734,"column":26},"end":{"line":734,"column":27}},"loc":{"start":{"line":734,"column":53},"end":{"line":770,"column":1}},"line":734}},"branchMap":{"0":{"loc":{"start":{"line":27,"column":41},"end":{"line":27,"column":52}},"type":"binary-expr","locations":[{"start":{"line":27,"column":41},"end":{"line":27,"column":46}},{"start":{"line":27,"column":50},"end":{"line":27,"column":52}}],"line":27},"1":{"loc":{"start":{"line":29,"column":40},"end":{"line":29,"column":51}},"type":"binary-expr","locations":[{"start":{"line":29,"column":40},"end":{"line":29,"column":45}},{"start":{"line":29,"column":49},"end":{"line":29,"column":51}}],"line":29},"2":{"loc":{"start":{"line":30,"column":9},"end":{"line":30,"column":66}},"type":"cond-expr","locations":[{"start":{"line":30,"column":49},"end":{"line":30,"column":55}},{"start":{"line":30,"column":58},"end":{"line":30,"column":66}}],"line":30},"3":{"loc":{"start":{"line":30,"column":9},"end":{"line":30,"column":46}},"type":"binary-expr","locations":[{"start":{"line":30,"column":9},"end":{"line":30,"column":32}},{"start":{"line":30,"column":36},"end":{"line":30,"column":46}}],"line":30},"4":{"loc":{"start":{"line":55,"column":15},"end":{"line":55,"column":78}},"type":"cond-expr","locations":[{"start":{"line":55,"column":35},"end":{"line":55,"column":53}},{"start":{"line":55,"column":56},"end":{"line":55,"column":78}}],"line":55},"5":{"loc":{"start":{"line":55,"column":62},"end":{"line":55,"column":75}},"type":"binary-expr","locations":[{"start":{"line":55,"column":62},"end":{"line":55,"column":69}},{"start":{"line":55,"column":73},"end":{"line":55,"column":75}}],"line":55},"6":{"loc":{"start":{"line":63,"column":19},"end":{"line":63,"column":30}},"type":"binary-expr","locations":[{"start":{"line":63,"column":19},"end":{"line":63,"column":24}},{"start":{"line":63,"column":28},"end":{"line":63,"column":30}}],"line":63},"7":{"loc":{"start":{"line":94,"column":47},"end":{"line":94,"column":76}},"type":"default-arg","locations":[{"start":{"line":94,"column":62},"end":{"line":94,"column":76}}],"line":94},"8":{"loc":{"start":{"line":102,"column":8},"end":{"line":102,"column":37}},"type":"binary-expr","locations":[{"start":{"line":102,"column":8},"end":{"line":102,"column":25}},{"start":{"line":102,"column":29},"end":{"line":102,"column":37}}],"line":102},"9":{"loc":{"start":{"line":109,"column":37},"end":{"line":109,"column":52}},"type":"binary-expr","locations":[{"start":{"line":109,"column":37},"end":{"line":109,"column":46}},{"start":{"line":109,"column":50},"end":{"line":109,"column":52}}],"line":109},"10":{"loc":{"start":{"line":110,"column":2},"end":{"line":110,"column":40}},"type":"if","locations":[{"start":{"line":110,"column":2},"end":{"line":110,"column":40}},{"start":{},"end":{}}],"line":110},"11":{"loc":{"start":{"line":118,"column":2},"end":{"line":120,"column":3}},"type":"if","locations":[{"start":{"line":118,"column":2},"end":{"line":120,"column":3}},{"start":{},"end":{}}],"line":118},"12":{"loc":{"start":{"line":127,"column":22},"end":{"line":127,"column":46}},"type":"binary-expr","locations":[{"start":{"line":127,"column":22},"end":{"line":127,"column":40}},{"start":{"line":127,"column":44},"end":{"line":127,"column":46}}],"line":127},"13":{"loc":{"start":{"line":128,"column":24},"end":{"line":128,"column":49}},"type":"binary-expr","locations":[{"start":{"line":128,"column":24},"end":{"line":128,"column":43}},{"start":{"line":128,"column":47},"end":{"line":128,"column":49}}],"line":128},"14":{"loc":{"start":{"line":130,"column":2},"end":{"line":132,"column":3}},"type":"if","locations":[{"start":{"line":130,"column":2},"end":{"line":132,"column":3}},{"start":{},"end":{}}],"line":130},"15":{"loc":{"start":{"line":134,"column":19},"end":{"line":134,"column":46}},"type":"binary-expr","locations":[{"start":{"line":134,"column":19},"end":{"line":134,"column":40}},{"start":{"line":134,"column":44},"end":{"line":134,"column":46}}],"line":134},"16":{"loc":{"start":{"line":135,"column":29},"end":{"line":135,"column":49}},"type":"binary-expr","locations":[{"start":{"line":135,"column":29},"end":{"line":135,"column":43}},{"start":{"line":135,"column":47},"end":{"line":135,"column":49}}],"line":135},"17":{"loc":{"start":{"line":136,"column":2},"end":{"line":138,"column":3}},"type":"if","locations":[{"start":{"line":136,"column":2},"end":{"line":138,"column":3}},{"start":{},"end":{}}],"line":136},"18":{"loc":{"start":{"line":140,"column":35},"end":{"line":140,"column":88}},"type":"binary-expr","locations":[{"start":{"line":140,"column":35},"end":{"line":140,"column":50}},{"start":{"line":140,"column":54},"end":{"line":140,"column":82}},{"start":{"line":140,"column":86},"end":{"line":140,"column":88}}],"line":140},"19":{"loc":{"start":{"line":142,"column":2},"end":{"line":144,"column":3}},"type":"if","locations":[{"start":{"line":142,"column":2},"end":{"line":144,"column":3}},{"start":{},"end":{}}],"line":142},"20":{"loc":{"start":{"line":142,"column":6},"end":{"line":142,"column":83}},"type":"binary-expr","locations":[{"start":{"line":142,"column":6},"end":{"line":142,"column":15}},{"start":{"line":142,"column":19},"end":{"line":142,"column":42}},{"start":{"line":142,"column":46},"end":{"line":142,"column":83}}],"line":142},"21":{"loc":{"start":{"line":148,"column":26},"end":{"line":148,"column":60}},"type":"binary-expr","locations":[{"start":{"line":148,"column":26},"end":{"line":148,"column":40}},{"start":{"line":148,"column":44},"end":{"line":148,"column":60}}],"line":148},"22":{"loc":{"start":{"line":149,"column":18},"end":{"line":149,"column":76}},"type":"cond-expr","locations":[{"start":{"line":149,"column":56},"end":{"line":149,"column":64}},{"start":{"line":149,"column":67},"end":{"line":149,"column":76}}],"line":149},"23":{"loc":{"start":{"line":150,"column":26},"end":{"line":150,"column":104}},"type":"binary-expr","locations":[{"start":{"line":150,"column":26},"end":{"line":150,"column":62}},{"start":{"line":150,"column":66},"end":{"line":150,"column":91}},{"start":{"line":150,"column":95},"end":{"line":150,"column":104}}],"line":150},"24":{"loc":{"start":{"line":151,"column":22},"end":{"line":151,"column":63}},"type":"binary-expr","locations":[{"start":{"line":151,"column":22},"end":{"line":151,"column":50}},{"start":{"line":151,"column":54},"end":{"line":151,"column":63}}],"line":151},"25":{"loc":{"start":{"line":174,"column":2},"end":{"line":265,"column":3}},"type":"if","locations":[{"start":{"line":174,"column":2},"end":{"line":265,"column":3}},{"start":{},"end":{}}],"line":174},"26":{"loc":{"start":{"line":176,"column":4},"end":{"line":222,"column":5}},"type":"if","locations":[{"start":{"line":176,"column":4},"end":{"line":222,"column":5}},{"start":{},"end":{}}],"line":176},"27":{"loc":{"start":{"line":184,"column":6},"end":{"line":221,"column":7}},"type":"if","locations":[{"start":{"line":184,"column":6},"end":{"line":221,"column":7}},{"start":{"line":202,"column":13},"end":{"line":221,"column":7}}],"line":184},"28":{"loc":{"start":{"line":184,"column":10},"end":{"line":184,"column":80}},"type":"binary-expr","locations":[{"start":{"line":184,"column":10},"end":{"line":184,"column":23}},{"start":{"line":184,"column":27},"end":{"line":184,"column":80}}],"line":184},"29":{"loc":{"start":{"line":188,"column":24},"end":{"line":188,"column":86}},"type":"cond-expr","locations":[{"start":{"line":188,"column":66},"end":{"line":188,"column":74}},{"start":{"line":188,"column":77},"end":{"line":188,"column":86}}],"line":188},"30":{"loc":{"start":{"line":191,"column":8},"end":{"line":193,"column":9}},"type":"if","locations":[{"start":{"line":191,"column":8},"end":{"line":193,"column":9}},{"start":{},"end":{}}],"line":191},"31":{"loc":{"start":{"line":208,"column":8},"end":{"line":210,"column":9}},"type":"if","locations":[{"start":{"line":208,"column":8},"end":{"line":210,"column":9}},{"start":{},"end":{}}],"line":208},"32":{"loc":{"start":{"line":224,"column":4},"end":{"line":234,"column":5}},"type":"if","locations":[{"start":{"line":224,"column":4},"end":{"line":234,"column":5}},{"start":{},"end":{}}],"line":224},"33":{"loc":{"start":{"line":225,"column":6},"end":{"line":232,"column":7}},"type":"if","locations":[{"start":{"line":225,"column":6},"end":{"line":232,"column":7}},{"start":{},"end":{}}],"line":225},"34":{"loc":{"start":{"line":242,"column":24},"end":{"line":242,"column":80}},"type":"binary-expr","locations":[{"start":{"line":242,"column":24},"end":{"line":242,"column":41}},{"start":{"line":242,"column":45},"end":{"line":242,"column":80}}],"line":242},"35":{"loc":{"start":{"line":248,"column":15},"end":{"line":250,"column":125}},"type":"cond-expr","locations":[{"start":{"line":249,"column":10},"end":{"line":249,"column":154}},{"start":{"line":250,"column":10},"end":{"line":250,"column":125}}],"line":248},"36":{"loc":{"start":{"line":255,"column":18},"end":{"line":255,"column":55}},"type":"cond-expr","locations":[{"start":{"line":255,"column":28},"end":{"line":255,"column":37}},{"start":{"line":255,"column":40},"end":{"line":255,"column":55}}],"line":255},"37":{"loc":{"start":{"line":256,"column":22},"end":{"line":262,"column":21}},"type":"cond-expr","locations":[{"start":{"line":257,"column":12},"end":{"line":261,"column":11}},{"start":{"line":262,"column":12},"end":{"line":262,"column":21}}],"line":256},"38":{"loc":{"start":{"line":273,"column":28},"end":{"line":273,"column":61}},"type":"binary-expr","locations":[{"start":{"line":273,"column":28},"end":{"line":273,"column":40}},{"start":{"line":273,"column":44},"end":{"line":273,"column":52}},{"start":{"line":273,"column":56},"end":{"line":273,"column":61}}],"line":273},"39":{"loc":{"start":{"line":274,"column":33},"end":{"line":274,"column":46}},"type":"binary-expr","locations":[{"start":{"line":274,"column":33},"end":{"line":274,"column":40}},{"start":{"line":274,"column":44},"end":{"line":274,"column":46}}],"line":274},"40":{"loc":{"start":{"line":283,"column":2},"end":{"line":287,"column":3}},"type":"if","locations":[{"start":{"line":283,"column":2},"end":{"line":287,"column":3}},{"start":{},"end":{}}],"line":283},"41":{"loc":{"start":{"line":306,"column":2},"end":{"line":336,"column":3}},"type":"if","locations":[{"start":{"line":306,"column":2},"end":{"line":336,"column":3}},{"start":{"line":325,"column":9},"end":{"line":336,"column":3}}],"line":306},"42":{"loc":{"start":{"line":322,"column":75},"end":{"line":322,"column":122}},"type":"binary-expr","locations":[{"start":{"line":322,"column":75},"end":{"line":322,"column":101}},{"start":{"line":322,"column":105},"end":{"line":322,"column":122}}],"line":322},"43":{"loc":{"start":{"line":334,"column":63},"end":{"line":334,"column":96}},"type":"binary-expr","locations":[{"start":{"line":334,"column":63},"end":{"line":334,"column":82}},{"start":{"line":334,"column":86},"end":{"line":334,"column":96}}],"line":334},"44":{"loc":{"start":{"line":347,"column":22},"end":{"line":347,"column":78}},"type":"binary-expr","locations":[{"start":{"line":347,"column":22},"end":{"line":347,"column":39}},{"start":{"line":347,"column":43},"end":{"line":347,"column":78}}],"line":347},"45":{"loc":{"start":{"line":351,"column":32},"end":{"line":353,"column":24}},"type":"cond-expr","locations":[{"start":{"line":352,"column":6},"end":{"line":352,"column":81}},{"start":{"line":353,"column":6},"end":{"line":353,"column":24}}],"line":351},"46":{"loc":{"start":{"line":357,"column":13},"end":{"line":359,"column":104}},"type":"cond-expr","locations":[{"start":{"line":358,"column":8},"end":{"line":358,"column":129}},{"start":{"line":359,"column":8},"end":{"line":359,"column":104}}],"line":357},"47":{"loc":{"start":{"line":364,"column":16},"end":{"line":364,"column":53}},"type":"cond-expr","locations":[{"start":{"line":364,"column":26},"end":{"line":364,"column":35}},{"start":{"line":364,"column":38},"end":{"line":364,"column":53}}],"line":364},"48":{"loc":{"start":{"line":365,"column":20},"end":{"line":371,"column":19}},"type":"cond-expr","locations":[{"start":{"line":366,"column":10},"end":{"line":370,"column":9}},{"start":{"line":371,"column":10},"end":{"line":371,"column":19}}],"line":365},"49":{"loc":{"start":{"line":384,"column":2},"end":{"line":386,"column":3}},"type":"if","locations":[{"start":{"line":384,"column":2},"end":{"line":386,"column":3}},{"start":{},"end":{}}],"line":384},"50":{"loc":{"start":{"line":384,"column":6},"end":{"line":384,"column":35}},"type":"binary-expr","locations":[{"start":{"line":384,"column":6},"end":{"line":384,"column":22}},{"start":{"line":384,"column":26},"end":{"line":384,"column":35}}],"line":384},"51":{"loc":{"start":{"line":391,"column":2},"end":{"line":393,"column":3}},"type":"if","locations":[{"start":{"line":391,"column":2},"end":{"line":393,"column":3}},{"start":{},"end":{}}],"line":391},"52":{"loc":{"start":{"line":396,"column":2},"end":{"line":398,"column":3}},"type":"if","locations":[{"start":{"line":396,"column":2},"end":{"line":398,"column":3}},{"start":{},"end":{}}],"line":396},"53":{"loc":{"start":{"line":400,"column":2},"end":{"line":402,"column":3}},"type":"if","locations":[{"start":{"line":400,"column":2},"end":{"line":402,"column":3}},{"start":{},"end":{}}],"line":400},"54":{"loc":{"start":{"line":407,"column":2},"end":{"line":409,"column":3}},"type":"if","locations":[{"start":{"line":407,"column":2},"end":{"line":409,"column":3}},{"start":{},"end":{}}],"line":407},"55":{"loc":{"start":{"line":413,"column":59},"end":{"line":413,"column":82}},"type":"binary-expr","locations":[{"start":{"line":413,"column":59},"end":{"line":413,"column":73}},{"start":{"line":413,"column":77},"end":{"line":413,"column":82}}],"line":413},"56":{"loc":{"start":{"line":424,"column":21},"end":{"line":424,"column":39}},"type":"binary-expr","locations":[{"start":{"line":424,"column":21},"end":{"line":424,"column":33}},{"start":{"line":424,"column":37},"end":{"line":424,"column":39}}],"line":424},"57":{"loc":{"start":{"line":426,"column":2},"end":{"line":428,"column":3}},"type":"if","locations":[{"start":{"line":426,"column":2},"end":{"line":428,"column":3}},{"start":{},"end":{}}],"line":426},"58":{"loc":{"start":{"line":426,"column":6},"end":{"line":426,"column":30}},"type":"binary-expr","locations":[{"start":{"line":426,"column":6},"end":{"line":426,"column":22}},{"start":{"line":426,"column":26},"end":{"line":426,"column":30}}],"line":426},"59":{"loc":{"start":{"line":434,"column":2},"end":{"line":436,"column":3}},"type":"if","locations":[{"start":{"line":434,"column":2},"end":{"line":436,"column":3}},{"start":{},"end":{}}],"line":434},"60":{"loc":{"start":{"line":438,"column":2},"end":{"line":443,"column":3}},"type":"if","locations":[{"start":{"line":438,"column":2},"end":{"line":443,"column":3}},{"start":{},"end":{}}],"line":438},"61":{"loc":{"start":{"line":445,"column":2},"end":{"line":447,"column":3}},"type":"if","locations":[{"start":{"line":445,"column":2},"end":{"line":447,"column":3}},{"start":{},"end":{}}],"line":445},"62":{"loc":{"start":{"line":445,"column":6},"end":{"line":445,"column":68}},"type":"binary-expr","locations":[{"start":{"line":445,"column":6},"end":{"line":445,"column":32}},{"start":{"line":445,"column":36},"end":{"line":445,"column":68}}],"line":445},"63":{"loc":{"start":{"line":449,"column":2},"end":{"line":454,"column":3}},"type":"if","locations":[{"start":{"line":449,"column":2},"end":{"line":454,"column":3}},{"start":{},"end":{}}],"line":449},"64":{"loc":{"start":{"line":456,"column":2},"end":{"line":458,"column":3}},"type":"if","locations":[{"start":{"line":456,"column":2},"end":{"line":458,"column":3}},{"start":{},"end":{}}],"line":456},"65":{"loc":{"start":{"line":478,"column":2},"end":{"line":480,"column":3}},"type":"if","locations":[{"start":{"line":478,"column":2},"end":{"line":480,"column":3}},{"start":{},"end":{}}],"line":478},"66":{"loc":{"start":{"line":484,"column":2},"end":{"line":486,"column":3}},"type":"if","locations":[{"start":{"line":484,"column":2},"end":{"line":486,"column":3}},{"start":{},"end":{}}],"line":484},"67":{"loc":{"start":{"line":488,"column":2},"end":{"line":493,"column":3}},"type":"if","locations":[{"start":{"line":488,"column":2},"end":{"line":493,"column":3}},{"start":{},"end":{}}],"line":488},"68":{"loc":{"start":{"line":501,"column":22},"end":{"line":501,"column":77}},"type":"binary-expr","locations":[{"start":{"line":501,"column":22},"end":{"line":501,"column":39}},{"start":{"line":501,"column":43},"end":{"line":501,"column":77}}],"line":501},"69":{"loc":{"start":{"line":507,"column":13},"end":{"line":509,"column":82}},"type":"cond-expr","locations":[{"start":{"line":508,"column":8},"end":{"line":508,"column":62}},{"start":{"line":509,"column":8},"end":{"line":509,"column":82}}],"line":507},"70":{"loc":{"start":{"line":514,"column":16},"end":{"line":514,"column":53}},"type":"cond-expr","locations":[{"start":{"line":514,"column":26},"end":{"line":514,"column":35}},{"start":{"line":514,"column":38},"end":{"line":514,"column":53}}],"line":514},"71":{"loc":{"start":{"line":556,"column":2},"end":{"line":558,"column":3}},"type":"if","locations":[{"start":{"line":556,"column":2},"end":{"line":558,"column":3}},{"start":{},"end":{}}],"line":556},"72":{"loc":{"start":{"line":562,"column":2},"end":{"line":565,"column":3}},"type":"if","locations":[{"start":{"line":562,"column":2},"end":{"line":565,"column":3}},{"start":{},"end":{}}],"line":562},"73":{"loc":{"start":{"line":562,"column":6},"end":{"line":562,"column":57}},"type":"binary-expr","locations":[{"start":{"line":562,"column":6},"end":{"line":562,"column":33}},{"start":{"line":562,"column":37},"end":{"line":562,"column":57}}],"line":562},"74":{"loc":{"start":{"line":566,"column":2},"end":{"line":569,"column":3}},"type":"if","locations":[{"start":{"line":566,"column":2},"end":{"line":569,"column":3}},{"start":{},"end":{}}],"line":566},"75":{"loc":{"start":{"line":566,"column":6},"end":{"line":566,"column":59}},"type":"binary-expr","locations":[{"start":{"line":566,"column":6},"end":{"line":566,"column":34}},{"start":{"line":566,"column":38},"end":{"line":566,"column":59}}],"line":566},"76":{"loc":{"start":{"line":570,"column":2},"end":{"line":573,"column":3}},"type":"if","locations":[{"start":{"line":570,"column":2},"end":{"line":573,"column":3}},{"start":{},"end":{}}],"line":570},"77":{"loc":{"start":{"line":570,"column":6},"end":{"line":570,"column":59}},"type":"binary-expr","locations":[{"start":{"line":570,"column":6},"end":{"line":570,"column":34}},{"start":{"line":570,"column":38},"end":{"line":570,"column":59}}],"line":570},"78":{"loc":{"start":{"line":579,"column":2},"end":{"line":589,"column":3}},"type":"if","locations":[{"start":{"line":579,"column":2},"end":{"line":589,"column":3}},{"start":{},"end":{}}],"line":579},"79":{"loc":{"start":{"line":580,"column":27},"end":{"line":580,"column":50}},"type":"binary-expr","locations":[{"start":{"line":580,"column":27},"end":{"line":580,"column":44}},{"start":{"line":580,"column":48},"end":{"line":580,"column":50}}],"line":580},"80":{"loc":{"start":{"line":581,"column":35},"end":{"line":581,"column":66}},"type":"binary-expr","locations":[{"start":{"line":581,"column":35},"end":{"line":581,"column":60}},{"start":{"line":581,"column":64},"end":{"line":581,"column":66}}],"line":581},"81":{"loc":{"start":{"line":584,"column":16},"end":{"line":584,"column":58}},"type":"binary-expr","locations":[{"start":{"line":584,"column":16},"end":{"line":584,"column":25}},{"start":{"line":584,"column":29},"end":{"line":584,"column":39}},{"start":{"line":584,"column":43},"end":{"line":584,"column":58}}],"line":584},"82":{"loc":{"start":{"line":587,"column":32},"end":{"line":587,"column":68}},"type":"binary-expr","locations":[{"start":{"line":587,"column":32},"end":{"line":587,"column":62}},{"start":{"line":587,"column":66},"end":{"line":587,"column":68}}],"line":587},"83":{"loc":{"start":{"line":591,"column":2},"end":{"line":593,"column":3}},"type":"if","locations":[{"start":{"line":591,"column":2},"end":{"line":593,"column":3}},{"start":{},"end":{}}],"line":591},"84":{"loc":{"start":{"line":598,"column":4},"end":{"line":603,"column":5}},"type":"if","locations":[{"start":{"line":598,"column":4},"end":{"line":603,"column":5}},{"start":{},"end":{}}],"line":598},"85":{"loc":{"start":{"line":607,"column":2},"end":{"line":613,"column":3}},"type":"if","locations":[{"start":{"line":607,"column":2},"end":{"line":613,"column":3}},{"start":{},"end":{}}],"line":607},"86":{"loc":{"start":{"line":607,"column":6},"end":{"line":607,"column":72}},"type":"binary-expr","locations":[{"start":{"line":607,"column":6},"end":{"line":607,"column":26}},{"start":{"line":607,"column":30},"end":{"line":607,"column":72}}],"line":607},"87":{"loc":{"start":{"line":628,"column":2},"end":{"line":630,"column":3}},"type":"if","locations":[{"start":{"line":628,"column":2},"end":{"line":630,"column":3}},{"start":{},"end":{}}],"line":628},"88":{"loc":{"start":{"line":644,"column":2},"end":{"line":646,"column":3}},"type":"if","locations":[{"start":{"line":644,"column":2},"end":{"line":646,"column":3}},{"start":{},"end":{}}],"line":644},"89":{"loc":{"start":{"line":653,"column":18},"end":{"line":653,"column":113}},"type":"binary-expr","locations":[{"start":{"line":653,"column":18},"end":{"line":653,"column":42}},{"start":{"line":653,"column":46},"end":{"line":653,"column":71}},{"start":{"line":653,"column":75},"end":{"line":653,"column":113}}],"line":653},"90":{"loc":{"start":{"line":693,"column":2},"end":{"line":695,"column":3}},"type":"if","locations":[{"start":{"line":693,"column":2},"end":{"line":695,"column":3}},{"start":{},"end":{}}],"line":693},"91":{"loc":{"start":{"line":717,"column":2},"end":{"line":719,"column":3}},"type":"if","locations":[{"start":{"line":717,"column":2},"end":{"line":719,"column":3}},{"start":{},"end":{}}],"line":717},"92":{"loc":{"start":{"line":745,"column":2},"end":{"line":747,"column":3}},"type":"if","locations":[{"start":{"line":745,"column":2},"end":{"line":747,"column":3}},{"start":{},"end":{}}],"line":745},"93":{"loc":{"start":{"line":749,"column":23},"end":{"line":749,"column":87}},"type":"binary-expr","locations":[{"start":{"line":749,"column":23},"end":{"line":749,"column":62}},{"start":{"line":749,"column":66},"end":{"line":749,"column":87}}],"line":749}},"s":{"0":6,"1":6,"2":6,"3":6,"4":6,"5":6,"6":6,"7":6,"8":6,"9":6,"10":6,"11":6,"12":6,"13":6,"14":3,"15":6,"16":24,"17":24,"18":6,"19":6,"20":6,"21":6,"22":6,"23":3,"24":3,"25":3,"26":3,"27":0,"28":3,"29":3,"30":3,"31":6,"32":2,"33":2,"34":2,"35":6,"36":0,"37":6,"38":1,"39":1,"40":1,"41":6,"42":1,"43":1,"44":6,"45":0,"46":0,"47":6,"48":1,"49":1,"50":1,"51":1,"52":0,"53":6,"54":1,"55":1,"56":1,"57":0,"58":0,"59":0,"60":0,"61":0,"62":0,"63":0,"64":0,"65":0,"66":0,"67":0,"68":0,"69":0,"70":0,"71":0,"72":0,"73":0,"74":6,"75":1,"76":1,"77":1,"78":1,"79":0,"80":0,"81":0,"82":0,"83":0,"84":0,"85":0,"86":0,"87":0,"88":0,"89":0,"90":0,"91":0,"92":0,"93":0,"94":0,"95":0,"96":0,"97":0,"98":0,"99":0,"100":0,"101":0,"102":0,"103":0,"104":0,"105":0,"106":0,"107":0,"108":1,"109":1,"110":1,"111":1,"112":1,"113":1,"114":1,"115":1,"116":1,"117":1,"118":1,"119":0,"120":0,"121":0,"122":0,"123":1,"124":1,"125":0,"126":1,"127":1,"128":1,"129":1,"130":1,"131":0,"132":0,"133":0,"134":1,"135":1,"136":6,"137":2,"138":2,"139":2,"140":1,"141":1,"142":1,"143":0,"144":1,"145":0,"146":1,"147":0,"148":1,"149":1,"150":0,"151":1,"152":0,"153":1,"154":6,"155":0,"156":0,"157":0,"158":0,"159":0,"160":0,"161":0,"162":0,"163":0,"164":0,"165":0,"166":0,"167":0,"168":0,"169":0,"170":0,"171":0,"172":0,"173":0,"174":0,"175":0,"176":0,"177":0,"178":0,"179":6,"180":0,"181":0,"182":0,"183":0,"184":0,"185":0,"186":0,"187":0,"188":0,"189":0,"190":0,"191":0,"192":0,"193":0,"194":0,"195":0,"196":6,"197":0,"198":0,"199":6,"200":1,"201":1,"202":1,"203":1,"204":1,"205":6,"206":2,"207":2,"208":0,"209":2,"210":2,"211":1,"212":1,"213":2,"214":0,"215":0,"216":2,"217":1,"218":1,"219":2,"220":2,"221":2,"222":2,"223":0,"224":0,"225":0,"226":0,"227":0,"228":0,"229":2,"230":1,"231":1,"232":1,"233":0,"234":0,"235":0,"236":1,"237":0,"238":1,"239":6,"240":0,"241":0,"242":0,"243":0,"244":0,"245":0,"246":6,"247":0,"248":0,"249":0,"250":0,"251":0,"252":0,"253":0,"254":0,"255":0,"256":0,"257":0,"258":0,"259":0,"260":0,"261":0,"262":6,"263":0,"264":0,"265":0,"266":0,"267":0,"268":0,"269":0,"270":0,"271":0,"272":6,"273":0,"274":0,"275":0,"276":0,"277":0,"278":0,"279":0,"280":0,"281":0,"282":0,"283":6,"284":1,"285":1,"286":1,"287":0,"288":1,"289":1},"f":{"0":3,"1":24,"2":3,"3":0,"4":3,"5":0,"6":2,"7":0,"8":1,"9":1,"10":0,"11":1,"12":1,"13":1,"14":1,"15":2,"16":0,"17":0,"18":0,"19":0,"20":1,"21":2,"22":0,"23":0,"24":0,"25":0,"26":1},"b":{"0":[3,0],"1":[24,24],"2":[0,24],"3":[24,0],"4":[2,0],"5":[0,0],"6":[0,0],"7":[0],"8":[0,0],"9":[1,1],"10":[1,0],"11":[0,0],"12":[0,0],"13":[0,0],"14":[0,0],"15":[0,0],"16":[0,0],"17":[0,0],"18":[0,0,0],"19":[0,0],"20":[0,0,0],"21":[0,0],"22":[0,0],"23":[0,0,0],"24":[0,0],"25":[0,1],"26":[0,0],"27":[0,0],"28":[0,0],"29":[0,0],"30":[0,0],"31":[0,0],"32":[0,0],"33":[0,0],"34":[0,0],"35":[0,0],"36":[0,0],"37":[0,0],"38":[1,0,0],"39":[1,0],"40":[1,0],"41":[0,1],"42":[0,0],"43":[0,0],"44":[0,0],"45":[0,1],"46":[1,0],"47":[1,0],"48":[0,1],"49":[1,1],"50":[2,2],"51":[0,1],"52":[0,1],"53":[0,1],"54":[0,1],"55":[0,0],"56":[0,0],"57":[0,0],"58":[0,0],"59":[0,0],"60":[0,0],"61":[0,0],"62":[0,0],"63":[0,0],"64":[0,0],"65":[0,0],"66":[0,0],"67":[0,0],"68":[0,0],"69":[0,0],"70":[0,0],"71":[0,2],"72":[1,1],"73":[2,1],"74":[0,2],"75":[2,0],"76":[1,1],"77":[2,1],"78":[0,2],"79":[0,0],"80":[0,0],"81":[0,0,0],"82":[0,0],"83":[1,1],"84":[0,0],"85":[0,1],"86":[1,0],"87":[0,0],"88":[0,0],"89":[0,0,0],"90":[0,0],"91":[0,0],"92":[0,1],"93":[1,0]},"_coverageSchema":"1a1c01bbd47fc00a2c39e90264f33305004495a9","hash":"e600ff96da9fb7e5e114679f6e6986065505b890"},"C:\\Users\\ADMIN\\Desktop\\ledgerly\\ledgerly-backend\\models\\User.js":{"path":"C:\\Users\\ADMIN\\Desktop\\ledgerly\\ledgerly-backend\\models\\User.js","statementMap":{"0":{"start":{"line":1,"column":17},"end":{"line":1,"column":36}},"1":{"start":{"line":2,"column":15},"end":{"line":2,"column":34}},"2":{"start":{"line":3,"column":12},"end":{"line":3,"column":35}},"3":{"start":{"line":4,"column":15},"end":{"line":4,"column":32}},"4":{"start":{"line":6,"column":19},"end":{"line":147,"column":2}},"5":{"start":{"line":150,"column":0},"end":{"line":158,"column":3}},"6":{"start":{"line":151,"column":2},"end":{"line":153,"column":3}},"7":{"start":{"line":152,"column":4},"end":{"line":152,"column":18}},"8":{"start":{"line":155,"column":15},"end":{"line":155,"column":39}},"9":{"start":{"line":156,"column":2},"end":{"line":156,"column":57}},"10":{"start":{"line":157,"column":2},"end":{"line":157,"column":9}},"11":{"start":{"line":161,"column":0},"end":{"line":167,"column":2}},"12":{"start":{"line":162,"column":2},"end":{"line":166,"column":4}},"13":{"start":{"line":170,"column":0},"end":{"line":172,"column":2}},"14":{"start":{"line":171,"column":2},"end":{"line":171,"column":62}},"15":{"start":{"line":175,"column":0},"end":{"line":186,"column":2}},"16":{"start":{"line":176,"column":21},"end":{"line":176,"column":59}},"17":{"start":{"line":178,"column":2},"end":{"line":181,"column":19}},"18":{"start":{"line":183,"column":2},"end":{"line":183,"column":57}},"19":{"start":{"line":185,"column":2},"end":{"line":185,"column":20}},"20":{"start":{"line":189,"column":0},"end":{"line":200,"column":2}},"21":{"start":{"line":190,"column":22},"end":{"line":190,"column":60}},"22":{"start":{"line":192,"column":2},"end":{"line":195,"column":19}},"23":{"start":{"line":197,"column":2},"end":{"line":197,"column":63}},"24":{"start":{"line":199,"column":2},"end":{"line":199,"column":21}},"25":{"start":{"line":202,"column":0},"end":{"line":213,"column":2}},"26":{"start":{"line":203,"column":14},"end":{"line":203,"column":68}},"27":{"start":{"line":205,"column":2},"end":{"line":208,"column":19}},"28":{"start":{"line":210,"column":2},"end":{"line":210,"column":64}},"29":{"start":{"line":212,"column":2},"end":{"line":212,"column":13}},"30":{"start":{"line":215,"column":0},"end":{"line":215,"column":52}}},"fnMap":{"0":{"name":"(anonymous_0)","decl":{"start":{"line":150,"column":23},"end":{"line":150,"column":24}},"loc":{"start":{"line":150,"column":44},"end":{"line":158,"column":1}},"line":150},"1":{"name":"(anonymous_1)","decl":{"start":{"line":161,"column":39},"end":{"line":161,"column":40}},"loc":{"start":{"line":161,"column":50},"end":{"line":167,"column":1}},"line":161},"2":{"name":"(anonymous_2)","decl":{"start":{"line":170,"column":35},"end":{"line":170,"column":36}},"loc":{"start":{"line":170,"column":67},"end":{"line":172,"column":1}},"line":170},"3":{"name":"(anonymous_3)","decl":{"start":{"line":175,"column":43},"end":{"line":175,"column":44}},"loc":{"start":{"line":175,"column":54},"end":{"line":186,"column":1}},"line":175},"4":{"name":"(anonymous_4)","decl":{"start":{"line":189,"column":40},"end":{"line":189,"column":41}},"loc":{"start":{"line":189,"column":51},"end":{"line":200,"column":1}},"line":189},"5":{"name":"(anonymous_5)","decl":{"start":{"line":202,"column":50},"end":{"line":202,"column":51}},"loc":{"start":{"line":202,"column":61},"end":{"line":213,"column":1}},"line":202}},"branchMap":{"0":{"loc":{"start":{"line":151,"column":2},"end":{"line":153,"column":3}},"type":"if","locations":[{"start":{"line":151,"column":2},"end":{"line":153,"column":3}},{"start":{},"end":{}}],"line":151}},"s":{"0":6,"1":6,"2":6,"3":6,"4":6,"5":6,"6":19,"7":6,"8":13,"9":13,"10":13,"11":6,"12":13,"13":6,"14":1,"15":6,"16":0,"17":0,"18":0,"19":0,"20":6,"21":0,"22":0,"23":0,"24":0,"25":6,"26":1,"27":1,"28":1,"29":1,"30":6},"f":{"0":19,"1":13,"2":1,"3":0,"4":0,"5":1},"b":{"0":[6,13]},"_coverageSchema":"1a1c01bbd47fc00a2c39e90264f33305004495a9","hash":"6d0275c7be27c5a0ca87cf8428052067a745acdc"},"C:\\Users\\ADMIN\\Desktop\\ledgerly\\ledgerly-backend\\models\\Business.js":{"path":"C:\\Users\\ADMIN\\Desktop\\ledgerly\\ledgerly-backend\\models\\Business.js","statementMap":{"0":{"start":{"line":1,"column":17},"end":{"line":1,"column":36}},"1":{"start":{"line":2,"column":53},"end":{"line":2,"column":88}},"2":{"start":{"line":4,"column":23},"end":{"line":203,"column":2}},"3":{"start":{"line":206,"column":0},"end":{"line":227,"column":2}},"4":{"start":{"line":207,"column":19},"end":{"line":217,"column":10}},"5":{"start":{"line":219,"column":17},"end":{"line":223,"column":3}},"6":{"start":{"line":224,"column":21},"end":{"line":224,"column":107}},"7":{"start":{"line":225,"column":2},"end":{"line":225,"column":51}},"8":{"start":{"line":226,"column":2},"end":{"line":226,"column":60}},"9":{"start":{"line":230,"column":0},"end":{"line":251,"column":2}},"10":{"start":{"line":231,"column":19},"end":{"line":241,"column":10}},"11":{"start":{"line":243,"column":17},"end":{"line":247,"column":3}},"12":{"start":{"line":248,"column":21},"end":{"line":248,"column":107}},"13":{"start":{"line":249,"column":2},"end":{"line":249,"column":51}},"14":{"start":{"line":250,"column":2},"end":{"line":250,"column":60}},"15":{"start":{"line":253,"column":0},"end":{"line":270,"column":2}},"16":{"start":{"line":254,"column":18},"end":{"line":254,"column":48}},"17":{"start":{"line":256,"column":2},"end":{"line":263,"column":3}},"18":{"start":{"line":257,"column":4},"end":{"line":261,"column":6}},"19":{"start":{"line":262,"column":4},"end":{"line":262,"column":11}},"20":{"start":{"line":265,"column":2},"end":{"line":269,"column":4}},"21":{"start":{"line":272,"column":0},"end":{"line":276,"column":2}},"22":{"start":{"line":273,"column":20},"end":{"line":273,"column":53}},"23":{"start":{"line":274,"column":2},"end":{"line":274,"column":28}},"24":{"start":{"line":274,"column":18},"end":{"line":274,"column":28}},"25":{"start":{"line":275,"column":2},"end":{"line":275,"column":34}},"26":{"start":{"line":278,"column":0},"end":{"line":296,"column":2}},"27":{"start":{"line":279,"column":20},"end":{"line":279,"column":65}},"28":{"start":{"line":280,"column":23},"end":{"line":280,"column":65}},"29":{"start":{"line":281,"column":26},"end":{"line":281,"column":67}},"30":{"start":{"line":282,"column":26},"end":{"line":284,"column":8}},"31":{"start":{"line":286,"column":2},"end":{"line":295,"column":4}},"32":{"start":{"line":298,"column":0},"end":{"line":298,"column":60}}},"fnMap":{"0":{"name":"(anonymous_0)","decl":{"start":{"line":206,"column":46},"end":{"line":206,"column":47}},"loc":{"start":{"line":206,"column":63},"end":{"line":227,"column":1}},"line":206},"1":{"name":"(anonymous_1)","decl":{"start":{"line":230,"column":46},"end":{"line":230,"column":47}},"loc":{"start":{"line":230,"column":63},"end":{"line":251,"column":1}},"line":230},"2":{"name":"(anonymous_2)","decl":{"start":{"line":253,"column":46},"end":{"line":253,"column":47}},"loc":{"start":{"line":253,"column":66},"end":{"line":270,"column":1}},"line":253},"3":{"name":"(anonymous_3)","decl":{"start":{"line":272,"column":46},"end":{"line":272,"column":47}},"loc":{"start":{"line":272,"column":57},"end":{"line":276,"column":1}},"line":272},"4":{"name":"(anonymous_4)","decl":{"start":{"line":278,"column":44},"end":{"line":278,"column":45}},"loc":{"start":{"line":278,"column":55},"end":{"line":296,"column":1}},"line":278}},"branchMap":{"0":{"loc":{"start":{"line":220,"column":4},"end":{"line":222,"column":12}},"type":"binary-expr","locations":[{"start":{"line":220,"column":4},"end":{"line":220,"column":37}},{"start":{"line":221,"column":7},"end":{"line":221,"column":35}},{"start":{"line":222,"column":7},"end":{"line":222,"column":12}}],"line":220},"1":{"loc":{"start":{"line":224,"column":28},"end":{"line":224,"column":106}},"type":"binary-expr","locations":[{"start":{"line":224,"column":28},"end":{"line":224,"column":65}},{"start":{"line":224,"column":69},"end":{"line":224,"column":101}},{"start":{"line":224,"column":105},"end":{"line":224,"column":106}}],"line":224},"2":{"loc":{"start":{"line":244,"column":4},"end":{"line":246,"column":12}},"type":"binary-expr","locations":[{"start":{"line":244,"column":4},"end":{"line":244,"column":37}},{"start":{"line":245,"column":7},"end":{"line":245,"column":35}},{"start":{"line":246,"column":7},"end":{"line
[...]
:0,"147":0,"148":0,"149":0,"150":0,"151":0,"152":0,"153":0,"154":0,"155":0,"156":0,"157":0,"158":0,"159":0,"160":0,"161":0,"162":0,"163":0,"164":0,"165":0,"166":0,"167":0,"168":0,"169":0,"170":6,"171":0,"172":0,"173":0,"174":0,"175":0,"176":0,"177":0,"178":0,"179":0,"180":6,"181":0,"182":0,"183":0,"184":0,"185":0,"186":0,"187":0,"188":0,"189":0,"190":0,"191":0,"192":0,"193":0,"194":0,"195":0,"196":0,"197":0,"198":0,"199":0,"200":0,"201":0,"202":6,"203":0,"204":0,"205":0,"206":0,"207":0,"208":0,"209":0,"210":0,"211":6,"212":1,"213":1,"214":0,"215":1,"216":1,"217":1,"218":1,"219":0,"220":1,"221":1,"222":0,"223":1,"224":1,"225":1,"226":1,"227":1,"228":1,"229":1,"230":1,"231":1,"232":1,"233":1,"234":0,"235":1,"236":0,"237":0,"238":1},"f":{"0":9,"1":8,"2":4,"3":2,"4":2,"5":0,"6":1,"7":4,"8":1,"9":1,"10":1,"11":1,"12":0,"13":1,"14":0,"15":0,"16":0,"17":0,"18":0,"19":0,"20":0,"21":1},"b":{"0":[9,0],"1":[8,0],"2":[0,4],"3":[4,4],"4":[2,0],"5":[2,0],"6":[2,0],"7":[0,0,0],"8":[0],"9":[1,0],"10":[1,0,0],"11":[4,0],"12":[4,4],"13":[0,1],"14":[0],"15":[1,0],"16":[0,1],"17":[1,0],"18":[0,0],"19":[1,0],"20":[1,0],"21":[0,1],"22":[0,1],"23":[0,6],"24":[6,6],"25":[1],"26":[1,0],"27":[0,1],"28":[1,0],"29":[0,0],"30":[0,0],"31":[0,0],"32":[0,0],"33":[0,0],"34":[0],"35":[0],"36":[1,0],"37":[1,0],"38":[0,0],"39":[0,0],"40":[0,0],"41":[0,0,0,0],"42":[0,0],"43":[0,0],"44":[0,0],"45":[0,0],"46":[0,0],"47":[0],"48":[0,0],"49":[0],"50":[0],"51":[0,0],"52":[0,0],"53":[0,0],"54":[0,0],"55":[0,0],"56":[0,0],"57":[0,0],"58":[0,0],"59":[0,0],"60":[0,0],"61":[0,0],"62":[0,0],"63":[0,0],"64":[0,0],"65":[0,0],"66":[0,0],"67":[0,0],"68":[0,0],"69":[0,0],"70":[0,0],"71":[0,0],"72":[0,0],"73":[0,0],"74":[0,0],"75":[0,0],"76":[0,0],"77":[0,0],"78":[0,0,0],"79":[0,0],"80":[0,0],"81":[0,0],"82":[0,0],"83":[0,0],"84":[0,0],"85":[0,0],"86":[0,0],"87":[0,0,0],"88":[0,0],"89":[0,0],"90":[0,0],"91":[0,0],"92":[0,0],"93":[0,0],"94":[0,0],"95":[0,0],"96":[0,1],"97":[1,0],"98":[1,0],"99":[1,0],"100":[0,1],"101":[0,1],"102":[1,1,1,1,0],"103":[1,0],"104":[1,1],"105":[1,1],"106":[1,0],"107":[1,0],"108":[1,0,0],"109":[1,0],"110":[1,0],"111":[1,1,1],"112":[1,0],"113":[1,0],"114":[1,0],"115":[1,1,1,0],"116":[0,1],"117":[0,0],"118":[0,1],"119":[1,1]},"_coverageSchema":"1a1c01bbd47fc00a2c39e90264f33305004495a9","hash":"4541010cd3cf8b4832f5e4356df6a35118a9d774"},"C:\\Users\\ADMIN\\Desktop\\ledgerly\\ledgerly-backend\\middleware\\error.js":{"path":"C:\\Users\\ADMIN\\Desktop\\ledgerly\\ledgerly-backend\\middleware\\error.js","statementMap":{"0":{"start":{"line":1,"column":22},"end":{"line":1,"column":55}},"1":{"start":{"line":2,"column":29},"end":{"line":2,"column":59}},"2":{"start":{"line":4,"column":21},"end":{"line":72,"column":1}},"3":{"start":{"line":5,"column":14},"end":{"line":5,"column":24}},"4":{"start":{"line":6,"column":2},"end":{"line":6,"column":30}},"5":{"start":{"line":9,"column":2},"end":{"line":9,"column":25}},"6":{"start":{"line":10,"column":2},"end":{"line":18,"column":5}},"7":{"start":{"line":21,"column":2},"end":{"line":24,"column":3}},"8":{"start":{"line":22,"column":20},"end":{"line":22,"column":64}},"9":{"start":{"line":23,"column":4},"end":{"line":23,"column":44}},"10":{"start":{"line":27,"column":2},"end":{"line":31,"column":3}},"11":{"start":{"line":28,"column":18},"end":{"line":28,"column":46}},"12":{"start":{"line":29,"column":20},"end":{"line":29,"column":64}},"13":{"start":{"line":30,"column":4},"end":{"line":30,"column":44}},"14":{"start":{"line":34,"column":2},"end":{"line":37,"column":3}},"15":{"start":{"line":35,"column":20},"end":{"line":35,"column":69}},"16":{"start":{"line":35,"column":57},"end":{"line":35,"column":68}},"17":{"start":{"line":36,"column":4},"end":{"line":36,"column":44}},"18":{"start":{"line":40,"column":2},"end":{"line":43,"column":3}},"19":{"start":{"line":41,"column":20},"end":{"line":41,"column":35}},"20":{"start":{"line":42,"column":4},"end":{"line":42,"column":44}},"21":{"start":{"line":45,"column":2},"end":{"line":48,"column":3}},"22":{"start":{"line":46,"column":20},"end":{"line":46,"column":35}},"23":{"start":{"line":47,"column":4},"end":{"line":47,"column":44}},"24":{"start":{"line":50,"column":2},"end":{"line":59,"column":3}},"25":{"start":{"line":51,"column":4},"end":{"line":58,"column":5}},"26":{"start":{"line":52,"column":6},"end":{"line":55,"column":8}},"27":{"start":{"line":57,"column":6},"end":{"line":57,"column":74}},"28":{"start":{"line":61,"column":2},"end":{"line":66,"column":3}},"29":{"start":{"line":62,"column":4},"end":{"line":65,"column":6}},"30":{"start":{"line":68,"column":2},"end":{"line":71,"column":5}},"31":{"start":{"line":74,"column":0},"end":{"line":74,"column":30}}},"fnMap":{"0":{"name":"(anonymous_0)","decl":{"start":{"line":4,"column":21},"end":{"line":4,"column":22}},"loc":{"start":{"line":4,"column":46},"end":{"line":72,"column":1}},"line":4},"1":{"name":"(anonymous_1)","decl":{"start":{"line":35,"column":50},"end":{"line":35,"column":51}},"loc":{"start":{"line":35,"column":57},"end":{"line":35,"column":68}},"line":35}},"branchMap":{"0":{"loc":{"start":{"line":13,"column":12},"end":{"line":13,"column":40}},"type":"binary-expr","locations":[{"start":{"line":13,"column":12},"end":{"line":13,"column":28}},{"start":{"line":13,"column":32},"end":{"line":13,"column":40}}],"line":13},"1":{"loc":{"start":{"line":15,"column":14},"end":{"line":15,"column":45}},"type":"binary-expr","locations":[{"start":{"line":15,"column":14},"end":{"line":15,"column":27}},{"start":{"line":15,"column":31},"end":{"line":15,"column":45}}],"line":15},"2":{"loc":{"start":{"line":21,"column":2},"end":{"line":24,"column":3}},"type":"if","locations":[{"start":{"line":21,"column":2},"end":{"line":24,"column":3}},{"start":{},"end":{}}],"line":21},"3":{"loc":{"start":{"line":27,"column":2},"end":{"line":31,"column":3}},"type":"if","locations":[{"start":{"line":27,"column":2},"end":{"line":31,"column":3}},{"start":{},"end":{}}],"line":27},"4":{"loc":{"start":{"line":34,"column":2},"end":{"line":37,"column":3}},"type":"if","locations":[{"start":{"line":34,"column":2},"end":{"line":37,"column":3}},{"start":{},"end":{}}],"line":34},"5":{"loc":{"start":{"line":40,"column":2},"end":{"line":43,"column":3}},"type":"if","locations":[{"start":{"line":40,"column":2},"end":{"line":43,"column":3}},{"start":{},"end":{}}],"line":40},"6":{"loc":{"start":{"line":45,"column":2},"end":{"line":48,"column":3}},"type":"if","locations":[{"start":{"line":45,"column":2},"end":{"line":48,"column":3}},{"start":{},"end":{}}],"line":45},"7":{"loc":{"start":{"line":50,"column":2},"end":{"line":59,"column":3}},"type":"if","locations":[{"start":{"line":50,"column":2},"end":{"line":59,"column":3}},{"start":{},"end":{}}],"line":50},"8":{"loc":{"start":{"line":51,"column":4},"end":{"line":58,"column":5}},"type":"if","locations":[{"start":{"line":51,"column":4},"end":{"line":58,"column":5}},{"start":{"line":56,"column":11},"end":{"line":58,"column":5}}],"line":51},"9":{"loc":{"start":{"line":57,"column":32},"end":{"line":57,"column":67}},"type":"binary-expr","locations":[{"start":{"line":57,"column":32},"end":{"line":57,"column":43}},{"start":{"line":57,"column":47},"end":{"line":57,"column":67}}],"line":57},"10":{"loc":{"start":{"line":61,"column":2},"end":{"line":66,"column":3}},"type":"if","locations":[{"start":{"line":61,"column":2},"end":{"line":66,"column":3}},{"start":{},"end":{}}],"line":61},"11":{"loc":{"start":{"line":68,"column":13},"end":{"line":68,"column":36}},"type":"binary-expr","locations":[{"start":{"line":68,"column":13},"end":{"line":68,"column":29}},{"start":{"line":68,"column":33},"end":{"line":68,"column":36}}],"line":68},"12":{"loc":{"start":{"line":70,"column":11},"end":{"line":70,"column":42}},"type":"binary-expr","locations":[{"start":{"line":70,"column":11},"end":{"line":70,"column":24}},{"start":{"line":70,"column":28},"end":{"line":70,"column":42}}],"line":70}},"s":{"0":6,"1":6,"2":6,"3":4,"4":4,"5":4,"6":4,"7":4,"8":1,"9":1,"10":4,"11":0,"12":0,"13":0,"14":4,"15":0,"16":0,"17":0,"18":4,"19":0,"20":0,"21":4,"22":0,"23":0,"24":4,"25":0,"26":0,"27":0,"28":4,"29":0,"30":4,"31":6},"f":{"0":4,"1":0},"b":{"0":[4,0],"1":[4,1],"2":[1,3],"3":[0,4],"4":[0,4],"5":[0,4],"6":[0,4],"7":[0,4],"8":[0,0],"9":[0,0],"10":[0,4],"11":[4,0],"12":[4,0]},"_coverageSchema":"1a1c01bbd47fc00a2c39e90264f33305004495a9","hash":"23010b24cdaa87fcc88e589a690a76341df3481d"},"C:\\Users\\ADMIN\\Desktop\\ledgerly\\ledgerly-backend\\utils\\monitoring.js":{"path":"C:\\Users\\ADMIN\\Desktop\\ledgerly\\ledgerly-backend\\utils\\monitoring.js","statementMap":{"0":{"start":{"line":1,"column":15},"end":{"line":1,"column":38}},"1":{"start":{"line":3,"column":24},"end":{"line":3,"column":29}},"2":{"start":{"line":5,"column":23},"end":{"line":25,"column":1}},"3":{"start":{"line":6,"column":14},"end":{"line":6,"column":57}},"4":{"start":{"line":7,"column":2},"end":{"line":10,"column":3}},"5":{"start":{"line":8,"column":4},"end":{"line":8,"column":30}},"6":{"start":{"line":9,"column":4},"end":{"line":9,"column":30}},"7":{"start":{"line":12,"column":2},"end":{"line":21,"column":5}},"8":{"start":{"line":23,"column":2},"end":{"line":23,"column":27}},"9":{"start":{"line":24,"column":2},"end":{"line":24,"column":27}},"10":{"start":{"line":27,"column":25},"end":{"line":37,"column":1}},"11":{"start":{"line":28,"column":2},"end":{"line":28,"column":43}},"12":{"start":{"line":28,"column":36},"end":{"line":28,"column":43}},"13":{"start":{"line":30,"column":2},"end":{"line":36,"column":5}},"14":{"start":{"line":31,"column":4},"end":{"line":34,"column":7}},"15":{"start":{"line":32,"column":6},"end":{"line":32,"column":38}},"16":{"start":{"line":32,"column":31},"end":{"line":32,"column":38}},"17":{"start":{"line":33,"column":6},"end":{"line":33,"column":84}},"18":{"start":{"line":35,"column":4},"end":{"line":35,"column":35}},"19":{"start":{"line":39,"column":0},"end":{"line":43,"column":2}},"20":{"start":{"line":42,"column":29},"end":{"line":42,"column":46}}},"fnMap":{"0":{"name":"(anonymous_0)","decl":{"start":{"line":5,"column":23},"end":{"line":5,"column":24}},"loc":{"start":{"line":5,"column":29},"end":{"line":25,"column":1}},"line":5},"1":{"name":"(anonymous_1)","decl":{"start":{"line":27,"column":25},"end":{"line":27,"column":26}},"loc":{"start":{"line":27,"column":50},"end":{"line":37,"column":1}},"line":27},"2":{"name":"(anonymous_2)","decl":{"start":{"line":30,"column":19},"end":{"line":30,"column":20}},"loc":{"start":{"line":30,"column":30},"end":{"line":36,"column":3}},"line":30},"3":{"name":"(anonymous_3)","decl":{"start":{"line":31,"column":36},"end":{"line":31,"column":37}},"loc":{"start":{"line":31,"column":54},"end":{"line":34,"column":5}},"line":31},"4":{"name":"(anonymous_4)","decl":{"start":{"line":42,"column":23},"end":{"line":42,"column":24}},"loc":{"start":{"line":42,"column":29},"end":{"line":42,"column":46}},"line":42}},"branchMap":{"0":{"loc":{"start":{"line":6,"column":21},"end":{"line":6,"column":49}},"type":"binary-expr","locations":[{"start":{"line":6,"column":21},"end":{"line":6,"column":43}},{"start":{"line":6,"column":47},"end":{"line":6,"column":49}}],"line":6},"1":{"loc":{"start":{"line":7,"column":2},"end":{"line":10,"column":3}},"type":"if","locations":[{"start":{"line":7,"column":2},"end":{"line":10,"column":3}},{"start":{},"end":{}}],"line":7},"2":{"loc":{"start":{"line":14,"column":17},"end":{"line":14,"column":54}},"type":"binary-expr","locations":[{"start":{"line":14,"column":17},"end":{"line":14,"column":37}},{"start":{"line":14,"column":41},"end":{"line":14,"column":54}}],"line":14},"3":{"loc":{"start":{"line":16,"column":6},"end":{"line":19,"column":15}},"type":"binary-expr","locations":[{"start":{"line":16,"column":6},"end":{"line":16,"column":35}},{"start":{"line":17,"column":6},"end":{"line":17,"column":28}},{"start":{"line":18,"column":6},"end":{"line":18,"column":28}},{"start":{"line":19,"column":6},"end":{"line":19,"column":15}}],"line":16},"4":{"loc":{"start":{"line":20,"column":22},"end":{"line":20,"column":94}},"type":"binary-expr","locations":[{"start":{"line":20,"column":22},"end":{"line":20,"column":87}},{"start":{"line":20,"column":91},"end":{"line":20,"column":94}}],"line":20},"5":{"loc":{"start":{"line":20,"column":40},"end":{"line":20,"column":86}},"type":"binary-expr","locations":[{"start":{"line":20,"column":40},"end":{"line":20,"column":77}},{"start":{"line":20,"column":81},"end":{"line":20,"column":86}}],"line":20},"6":{"loc":{"start":{"line":27,"column":33},"end":{"line":27,"column":45}},"type":"default-arg","locations":[{"start":{"line":27,"column":43},"end":{"line":27,"column":45}}],"line":27},"7":{"loc":{"start":{"line":28,"column":2},"end":{"line":28,"column":43}},"type":"if","locations":[{"start":{"line":28,"column":2},"end":{"line":28,"column":43}},{"start":{},"end":{}}],"line":28},"8":{"loc":{"start":{"line":28,"column":6},"end":{"line":28,"column":34}},"type":"binary-expr","locations":[{"start":{"line":28,"column":6},"end":{"line":28,"column":24}},{"start":{"line":28,"column":28},"end":{"line":28,"column":34}}],"line":28},"9":{"loc":{"start":{"line":32,"column":6},"end":{"line":32,"column":38}},"type":"if","locations":[{"start":{"line":32,"column":6},"end":{"line":32,"column":38}},{"start":{},"end":{}}],"line":32},"10":{"loc":{"start":{"line":33,"column":28},"end":{"line":33,"column":82}},"type":"cond-expr","locations":[{"start":{"line":33,"column":65},"end":{"line":33,"column":70}},{"start":{"line":33,"column":73},"end":{"line":33,"column":82}}],"line":33},"11":{"loc":{"start":{"line":33,"column":28},"end":{"line":33,"column":62}},"type":"binary-expr","locations":[{"start":{"line":33,"column":28},"end":{"line":33,"column":33}},{"start":{"line":33,"column":37},"end":{"line":33,"column":62}}],"line":33}},"s":{"0":6,"1":6,"2":6,"3":0,"4":0,"5":0,"6":0,"7":0,"8":0,"9":0,"10":6,"11":4,"12":4,"13":0,"14":0,"15":0,"16":0,"17":0,"18":0,"19":6,"20":0},"f":{"0":0,"1":4,"2":0,"3":0,"4":0},"b":{"0":[0,0],"1":[0,0],"2":[0,0],"3":[0,0,0,0],"4":[0,0],"5":[0,0],"6":[0],"7":[4,0],"8":[4,0],"9":[0,0],"10":[0,0],"11":[0,0]},"_coverageSchema":"1a1c01bbd47fc00a2c39e90264f33305004495a9","hash":"ae185208a0ab8f6c6398fe9253c057c218c16476"},"C:\\Users\\ADMIN\\Desktop\\ledgerly\\ledgerly-backend\\tests\\utils\\testDataFactory.js":{"path":"C:\\Users\\ADMIN\\Desktop\\ledgerly\\ledgerly-backend\\tests\\utils\\testDataFactory.js","statementMap":{"0":{"start":{"line":1,"column":17},"end":{"line":1,"column":49}},"1":{"start":{"line":2,"column":17},"end":{"line":2,"column":49}},"2":{"start":{"line":3,"column":13},"end":{"line":3,"column":41}},"3":{"start":{"line":4,"column":34},"end":{"line":4,"column":72}},"4":{"start":{"line":6,"column":21},"end":{"line":6,"column":85}},"5":{"start":{"line":6,"column":27},"end":{"line":6,"column":85}},"6":{"start":{"line":8,"column":23},"end":{"line":17,"column":1}},"7":{"start":{"line":9,"column":17},"end":{"line":9,"column":31}},"8":{"start":{"line":10,"column":2},"end":{"line":16,"column":5}},"9":{"start":{"line":19,"column":31},"end":{"line":50,"column":1}},"10":{"start":{"line":25,"column":6},"end":{"line":25,"column":13}},"11":{"start":{"line":27,"column":17},"end":{"line":27,"column":31}},"12":{"start":{"line":28,"column":19},"end":{"line":28,"column":58}},"13":{"start":{"line":29,"column":15},"end":{"line":40,"column":4}},"14":{"start":{"line":42,"column":2},"end":{"line":42,"column":28}},"15":{"start":{"line":43,"column":2},"end":{"line":43,"column":24}},"16":{"start":{"line":45,"column":2},"end":{"line":49,"column":4}},"17":{"start":{"line":52,"column":34},"end":{"line":62,"column":1}},"18":{"start":{"line":53,"column":17},"end":{"line":53,"column":31}},"19":{"start":{"line":54,"column":2},"end":{"line":61,"column":5}},"20":{"start":{"line":64,"column":29},"end":{"line":85,"column":1}},"21":{"start":{"line":65,"column":17},"end":{"line":65,"column":73}},"22":{"start":{"line":66,"column":18},"end":{"line":66,"column":72}},"23":{"start":{"line":67,"column":2},"end":{"line":84,"column":4}},"24":{"start":{"line":87,"column":32},"end":{"line":94,"column":1}},"25":{"start":{"line":88,"column":17},"end":{"line":88,"column":72}},"26":{"start":{"line":89,"column":2},"end":{"line":93,"column":4}},"27":{"start":{"line":96,"column":19},"end":{"line":98,"column":2}},"28":{"start":{"line":96,"column":31},"end":{"line":98,"column":1}},"29":{"start":{"line":100,"column":0},"end":{"line":106,"column":2}}},"fnMap":{"0":{"name":"(anonymous_0)","decl":{"start":{"line":6,"column":21},"end":{"line":6,"column":22}},"loc":{"start":{"line":6,"column":27},"end":{"line":6,"column":85}},"line":6},"1":{"name":"(anonymous_1)","decl":{"start":{"line":8,"column":23},"end":{"line":8,"column":24}},"loc":{"start":{"line":8,"column":49},"end":{"line":17,"column":1}},"line":8},"2":{"name":"(anonymous_2)","decl":{"start":{"line":19,"column":31},"end":{"line":19,"column":32}},"loc":{"start":{"line":19,"column":55},"end":{"line":50,"column":1}},"line":19},"3":{"name":"(anonymous_3)","decl":{"start":{"line":52,"column":34},"end":{"line":52,"column":35}},"loc":{"start":{"line":52,"column":84},"end":{"line":62,"column":1}},"line":52},"4":{"name":"(anonymous_4)","decl":{"start":{"line":64,"column":29},"end":{"line":64,"column":30}},"loc":{"start":{"line":64,"column":81},"end":{"line":85,"column":1}},"line":64},"5":{"name":"(anonymous_5)","decl":{"start":{"line":87,"column":32},"end":{"line":87,"column":33}},"loc":{"start":{"line":87,"column":65},"end":{"line":94,"column":1}},"line":87},"6":{"name":"(anonymous_6)","decl":{"start":{"line":96,"column":19},"end":{"line":96,"column":20}},"loc":{"start":{"line":96,"column":31},"end":{"line":98,"column":1}},"line":96}},"branchMap":{"0":{"loc":{"start":{"line":8,"column":30},"end":{"line":8,"column":44}},"type":"default-arg","locations":[{"start":{"line":8,"column":42},"end":{"line":8,"column":44}}],"line":8},"1":{"loc":{"start":{"line":19,"column":38},"end":{"line":19,"column":50}},"type":"default-arg","locations":[{"start":{"line":19,"column":48},"end":{"line":19,"column":50}}],"line":19},"2":{"loc":{"start":{"line":21,"column":4},"end":{"line":21,"column":24}},"type":"default-arg","locations":[{"start":{"line":21,"column":11},"end":{"line":21,"column":24}}],"line":21},"3":{"loc":{"start":{"line":22,"column":4},"end":{"line":22,"column":24}},"type":"default-arg","locations":[{"start":{"line":22,"column":20},"end":{"line":22,"column":24}}],"line":22},"4":{"loc":{"start":{"line":23,"column":4},"end":{"line":23,"column":26}},"type":"default-arg","locations":[{"start":{"line":23,"column":24},"end":{"line":23,"column":26}}],"line":23},"5":{"loc":{"start":{"line":24,"column":4},"end":{"line":24,"column":22}},"type":"default-arg","locations":[{"start":{"line":24,"column":20},"end":{"line":24,"column":22}}],"line":24},"6":{"loc":{"start":{"line":52,"column":63},"end":{"line":52,"column":77}},"type":"default-arg","locations":[{"start":{"line":52,"column":75},"end":{"line":52,"column":77}}],"line":52},"7":{"loc":{"start":{"line":64,"column":44},"end":{"line":64,"column":58}},"type":"default-arg","locations":[{"start":{"line":64,"column":56},"end":{"line":64,"column":58}}],"line":64},"8":{"loc":{"start":{"line":64,"column":60},"end":{"line":64,"column":74}},"type":"default-arg","locations":[{"start":{"line":64,"column":72},"end":{"line":64,"column":74}}],"line":64},"9":{"loc":{"start":{"line":87,"column":33},"end":{"line":87,"column":60}},"type":"default-arg","locations":[{"start":{"line":87,"column":44},"end":{"line":87,"column":60}}],"line":87}},"s":{"0":6,"1":6,"2":6,"3":6,"4":6,"5":33,"6":6,"7":12,"8":12,"9":6,"10":12,"11":12,"12":12,"13":12,"14":12,"15":12,"16":12,"17":6,"18":5,"19":5,"20":6,"21":4,"22":4,"23":4,"24":6,"25":1,"26":1,"27":6,"28":16,"29":6},"f":{"0":33,"1":12,"2":12,"3":5,"4":4,"5":1,"6":16},"b":{"0":[0],"1":[0],"2":[0],"3":[11],"4":[10],"5":[9],"6":[5],"7":[4],"8":[4],"9":[1]},"_coverageSchema":"1a1c01bbd47fc00a2c39e90264f33305004495a9","hash":"4cb29a98f563e415ed07df972f187b2bf454d164"}}}
